This file contains any messages produced by compilers while
running configure, to aid debugging if configure makes a mistake.

It was created by transmission configure 2.81, which was
generated by GNU Autoconf 2.69.  Invocation command line was

  $ ./configure --host=mipsel-linux --build=x86_64-redhat-linux --target=mipsel-linux --prefix=/usr --disable-nls --enable-lightweight --enable-largefile --enable-utp --without-gtk LIBCURL_CFLAGS=-I/home/aaronfinney/tomato/release/src-rt/router/libcurl/include LIBCURL_LIBS=-L/home/aaronfinney/tomato/release/src-rt/router/libcurl/lib/.libs -lcurl LIBEVENT_CFLAGS=-I/home/aaronfinney/tomato/release/src-rt/router/libevent/include LIBEVENT_LIBS=-L/home/aaronfinney/tomato/release/src-rt/router/libevent/.libs -levent OPENSSL_CFLAGS=-I/home/aaronfinney/tomato/release/src-rt/router/openssl/include OPENSSL_LIBS=-L/home/aaronfinney/tomato/release/src-rt/router/openssl -lcrypto -lssl

## --------- ##
## Platform. ##
## --------- ##

hostname = gns3lab.slash31.net
uname -m = x86_64
uname -r = 2.6.32-358.18.1.el6.x86_64
uname -s = Linux
uname -v = #1 SMP Wed Aug 28 17:19:38 UTC 2013

/usr/bin/uname -p = unknown
/bin/uname -X     = unknown

/bin/arch              = x86_64
/usr/bin/arch -k       = unknown
/usr/convex/getsysinfo = unknown
/usr/bin/hostinfo      = unknown
/bin/machine           = unknown
/usr/bin/oslevel       = unknown
/bin/universe          = unknown

PATH: /home/aaronfinney/tomato/release/tools
PATH: /home/aaronfinney/tomato/release/tools
PATH: /home/aaronfinney/tomato/release/tools
PATH: /home/aaronfinney/tomato/release/tools
PATH: /opt/brcm/hndtools-mipsel-uclibc/bin
PATH: /opt/brcm/hndtools-mipsel-linux/bin
PATH: /usr/lib64/qt-3.3/bin
PATH: /usr/local/sbin
PATH: /usr/local/bin
PATH: /sbin
PATH: /bin
PATH: /usr/sbin
PATH: /usr/bin
PATH: /root/bin


## ----------- ##
## Core tests. ##
## ----------- ##

configure:2549: checking whether make supports nested variables
configure:2566: result: yes
configure:2626: checking for a BSD-compatible install
configure:2694: result: /usr/bin/install -c
configure:2705: checking whether build environment is sane
configure:2760: result: yes
configure:2819: checking for mipsel-linux-strip
configure:2846: result: mipsel-uclibc-strip
configure:2911: checking for a thread-safe mkdir -p
configure:2950: result: /bin/mkdir -p
configure:2957: checking for gawk
configure:2973: found /bin/gawk
configure:2984: result: gawk
configure:2995: checking whether make sets $(MAKE)
configure:3017: result: yes
configure:3103: checking how to create a pax tar archive
configure:3114: tar --version
tar (GNU tar) 1.23
Copyright (C) 2010 Free Software Foundation, Inc.
License GPLv3+: GNU GPL version 3 or later <http://gnu.org/licenses/gpl.html>.
This is free software: you are free to change and redistribute it.
There is NO WARRANTY, to the extent permitted by law.

Written by John Gilmore and Jay Fenlason.
configure:3117: $? = 0
configure:3157: tardir=conftest.dir && eval tar --format=posix -chf - "$tardir" >conftest.tar
configure:3160: $? = 0
configure:3164: tar -xf - <conftest.tar
configure:3167: $? = 0
configure:3169: cat conftest.dir/file
GrepMe
configure:3172: $? = 0
configure:3185: result: gnutar
configure:3222: checking build system type
configure:3236: result: x86_64-redhat-linux-gnu
configure:3256: checking host system type
configure:3269: result: mipsel-unknown-linux-gnu
configure:3310: checking how to print strings
configure:3337: result: printf
configure:3370: checking for style of include used by make
configure:3398: result: GNU
configure:3429: checking for mipsel-linux-gcc
configure:3456: result: mipsel-uclibc-gcc
configure:3725: checking for C compiler version
configure:3734: mipsel-uclibc-gcc --version >&5
mipsel-uclibc-gcc (GCC) 4.2.4
Copyright (C) 2007 Free Software Foundation, Inc.
This is free software; see the source for copying conditions.  There is NO
warranty; not even for MERCHANTABILITY or FITNESS FOR A PARTICULAR PURPOSE.

configure:3745: $? = 0
configure:3734: mipsel-uclibc-gcc -v >&5
Using built-in specs.
Target: mipsel-linux-uclibc
Configured with: /home/shibby/openwrt/tomato.toolchain/t/build_dir/toolchain-mipsel_gcc4.2.4/gcc-4.2.4/configure --prefix=/opt/brcm/hndtools-mipsel-uclibc-4.2.4 --build=x86_64-linux-gnu --host=x86_64-linux-gnu --target=mipsel-linux-uclibc --with-gnu-ld --enable-target-optspace --disable-libgomp --disable-libmudflap --disable-multilib --disable-nls --disable-__cxa_atexit --enable-libssp --enable-languages=c,c++ --enable-shared --enable-threads --enable-tls
Thread model: posix
gcc version 4.2.4
configure:3745: $? = 0
configure:3734: mipsel-uclibc-gcc -V >&5
mipsel-uclibc-gcc: '-V' option must have argument
configure:3745: $? = 1
configure:3734: mipsel-uclibc-gcc -qversion >&5
mipsel-uclibc-gcc: unrecognized option '-qversion'
mipsel-uclibc-gcc: no input files
configure:3745: $? = 1
configure:3765: checking whether the C compiler works
configure:3787: mipsel-uclibc-gcc -Os -Wall -fno-delete-null-pointer-checks -funit-at-a-time 		--param large-function-growth=800 --param max-inline-insns-single=3000 		-ffunction-sections -fdata-sections -I/home/aaronfinney/tomato/release/src-rt/router/zlib -L/home/aaronfinney/tomato/release/src-rt/router/zlib -ffunction-sections -fdata-sections -Wl,--gc-sections -fPIC conftest.c  >&5
configure:3791: $? = 0
configure:3839: result: yes
configure:3842: checking for C compiler default output file name
configure:3844: result: a.out
configure:3850: checking for suffix of executables
configure:3857: mipsel-uclibc-gcc -o conftest -Os -Wall -fno-delete-null-pointer-checks -funit-at-a-time 		--param large-function-growth=800 --param max-inline-insns-single=3000 		-ffunction-sections -fdata-sections -I/home/aaronfinney/tomato/release/src-rt/router/zlib -L/home/aaronfinney/tomato/release/src-rt/router/zlib -ffunction-sections -fdata-sections -Wl,--gc-sections -fPIC conftest.c  >&5
configure:3861: $? = 0
configure:3883: result: 
configure:3905: checking whether we are cross compiling
configure:3943: result: yes
configure:3948: checking for suffix of object files
configure:3970: mipsel-uclibc-gcc -c -Os -Wall -fno-delete-null-pointer-checks -funit-at-a-time 		--param large-function-growth=800 --param max-inline-insns-single=3000 		-ffunction-sections -fdata-sections -I/home/aaronfinney/tomato/release/src-rt/router/zlib conftest.c >&5
configure:3974: $? = 0
configure:3995: result: o
configure:3999: checking whether we are using the GNU C compiler
configure:4018: mipsel-uclibc-gcc -c -Os -Wall -fno-delete-null-pointer-checks -funit-at-a-time 		--param large-function-growth=800 --param max-inline-insns-single=3000 		-ffunction-sections -fdata-sections -I/home/aaronfinney/tomato/release/src-rt/router/zlib conftest.c >&5
configure:4018: $? = 0
configure:4027: result: yes
configure:4036: checking whether mipsel-uclibc-gcc accepts -g
configure:4056: mipsel-uclibc-gcc -c -g -I/home/aaronfinney/tomato/release/src-rt/router/zlib conftest.c >&5
configure:4056: $? = 0
configure:4097: result: yes
configure:4114: checking for mipsel-uclibc-gcc option to accept ISO C89
configure:4177: mipsel-uclibc-gcc  -c -Os -Wall -fno-delete-null-pointer-checks -funit-at-a-time 		--param large-function-growth=800 --param max-inline-insns-single=3000 		-ffunction-sections -fdata-sections -I/home/aaronfinney/tomato/release/src-rt/router/zlib conftest.c >&5
configure:4177: $? = 0
configure:4190: result: none needed
configure:4212: checking dependency style of mipsel-uclibc-gcc
configure:4323: result: gcc3
configure:4338: checking for a sed that does not truncate output
configure:4402: result: /bin/sed
configure:4420: checking for grep that handles long lines and -e
configure:4478: result: /bin/grep
configure:4483: checking for egrep
configure:4545: result: /bin/grep -E
configure:4550: checking for fgrep
configure:4612: result: /bin/grep -F
configure:4647: checking for ld used by mipsel-uclibc-gcc
configure:4714: result: mipsel-uclibc-ld
configure:4721: checking if the linker (mipsel-uclibc-ld) is GNU ld
configure:4736: result: yes
configure:4748: checking for BSD- or MS-compatible name lister (nm)
configure:4797: result: mipsel-uclibc-nm
configure:4927: checking the name lister (mipsel-uclibc-nm) interface
configure:4934: mipsel-uclibc-gcc -c -Os -Wall -fno-delete-null-pointer-checks -funit-at-a-time 		--param large-function-growth=800 --param max-inline-insns-single=3000 		-ffunction-sections -fdata-sections -I/home/aaronfinney/tomato/release/src-rt/router/zlib conftest.c >&5
configure:4937: mipsel-uclibc-nm "conftest.o"
configure:4940: output
00000000 B some_variable
configure:4947: result: BSD nm
configure:4950: checking whether ln -s works
configure:4954: result: yes
configure:4962: checking the maximum length of command line arguments
configure:5093: result: 1966080
configure:5110: checking whether the shell understands some XSI constructs
configure:5120: result: yes
configure:5124: checking whether the shell understands "+="
configure:5130: result: yes
configure:5165: checking how to convert x86_64-redhat-linux-gnu file names to mipsel-unknown-linux-gnu format
configure:5205: result: func_convert_file_noop
configure:5212: checking how to convert x86_64-redhat-linux-gnu file names to toolchain format
configure:5232: result: func_convert_file_noop
configure:5239: checking for mipsel-uclibc-ld option to reload object files
configure:5246: result: -r
configure:5280: checking for mipsel-linux-objdump
configure:5296: found /opt/brcm/hndtools-mipsel-uclibc/bin/mipsel-linux-objdump
configure:5307: result: mipsel-linux-objdump
configure:5379: checking how to recognize dependent libraries
configure:5577: result: pass_all
configure:5622: checking for mipsel-linux-dlltool
configure:5652: result: no
configure:5662: checking for dlltool
configure:5692: result: no
configure:5722: checking how to associate runtime and link libraries
configure:5749: result: printf %s\n
configure:5766: checking for mipsel-linux-ar
configure:5793: result: mipsel-uclibc-ar
configure:5874: checking for archiver @FILE support
configure:5891: mipsel-uclibc-gcc -c -Os -Wall -fno-delete-null-pointer-checks -funit-at-a-time 		--param large-function-growth=800 --param max-inline-insns-single=3000 		-ffunction-sections -fdata-sections -I/home/aaronfinney/tomato/release/src-rt/router/zlib conftest.c >&5
configure:5891: $? = 0
configure:5894: mipsel-uclibc-ar cru libconftest.a @conftest.lst >&5
configure:5897: $? = 0
configure:5902: mipsel-uclibc-ar cru libconftest.a @conftest.lst >&5
mipsel-uclibc-ar: conftest.o: No such file or directory
configure:5905: $? = 1
configure:5917: result: @
configure:5935: checking for mipsel-linux-strip
configure:5962: result: mipsel-uclibc-strip
configure:6034: checking for mipsel-linux-ranlib
configure:6061: result: mipsel-uclibc-ranlib
configure:6203: checking command to parse mipsel-uclibc-nm output from mipsel-uclibc-gcc object
configure:6323: mipsel-uclibc-gcc -c -Os -Wall -fno-delete-null-pointer-checks -funit-at-a-time 		--param large-function-growth=800 --param max-inline-insns-single=3000 		-ffunction-sections -fdata-sections -I/home/aaronfinney/tomato/release/src-rt/router/zlib conftest.c >&5
configure:6326: $? = 0
configure:6330: mipsel-uclibc-nm conftest.o \| sed -n -e 's/^.*[ ]\([ABCDGIRSTW][ABCDGIRSTW]*\)[ ][ ]*\([_A-Za-z][_A-Za-z0-9]*\)$/\1 \2 \2/p' | sed '/ __gnu_lto/d' \> conftest.nm
configure:6333: $? = 0
configure:6399: mipsel-uclibc-gcc -o conftest -Os -Wall -fno-delete-null-pointer-checks -funit-at-a-time 		--param large-function-growth=800 --param max-inline-insns-single=3000 		-ffunction-sections -fdata-sections -I/home/aaronfinney/tomato/release/src-rt/router/zlib -L/home/aaronfinney/tomato/release/src-rt/router/zlib -ffunction-sections -fdata-sections -Wl,--gc-sections -fPIC conftest.c conftstm.o >&5
configure:6402: $? = 0
configure:6440: result: ok
configure:6477: checking for sysroot
configure:6507: result: no
configure:6730: checking for mipsel-linux-mt
configure:6760: result: no
configure:6770: checking for mt
configure:6800: result: no
configure:6820: checking if : is a manifest tool
configure:6826: : '-?'
configure:6834: result: no
configure:7476: checking how to run the C preprocessor
configure:7507: mipsel-uclibc-gcc -E -I/home/aaronfinney/tomato/release/src-rt/router/zlib conftest.c
configure:7507: $? = 0
configure:7521: mipsel-uclibc-gcc -E -I/home/aaronfinney/tomato/release/src-rt/router/zlib conftest.c
conftest.c:11:28: error: ac_nonexistent.h: No such file or directory
configure:7521: $? = 1
configure: failed program was:
| /* confdefs.h */
| #define PACKAGE_NAME "transmission"
| #define PACKAGE_TARNAME "transmission"
| #define PACKAGE_VERSION "2.81"
| #define PACKAGE_STRING "transmission 2.81"
| #define PACKAGE_BUGREPORT "http://trac.transmissionbt.com/newticket"
| #define PACKAGE_URL ""
| #define PACKAGE "transmission"
| #define VERSION "2.81"
| /* end confdefs.h.  */
| #include <ac_nonexistent.h>
configure:7546: result: mipsel-uclibc-gcc -E
configure:7566: mipsel-uclibc-gcc -E -I/home/aaronfinney/tomato/release/src-rt/router/zlib conftest.c
configure:7566: $? = 0
configure:7580: mipsel-uclibc-gcc -E -I/home/aaronfinney/tomato/release/src-rt/router/zlib conftest.c
conftest.c:11:28: error: ac_nonexistent.h: No such file or directory
configure:7580: $? = 1
configure: failed program was:
| /* confdefs.h */
| #define PACKAGE_NAME "transmission"
| #define PACKAGE_TARNAME "transmission"
| #define PACKAGE_VERSION "2.81"
| #define PACKAGE_STRING "transmission 2.81"
| #define PACKAGE_BUGREPORT "http://trac.transmissionbt.com/newticket"
| #define PACKAGE_URL ""
| #define PACKAGE "transmission"
| #define VERSION "2.81"
| /* end confdefs.h.  */
| #include <ac_nonexistent.h>
configure:7609: checking for ANSI C header files
configure:7629: mipsel-uclibc-gcc -c -Os -Wall -fno-delete-null-pointer-checks -funit-at-a-time 		--param large-function-growth=800 --param max-inline-insns-single=3000 		-ffunction-sections -fdata-sections -I/home/aaronfinney/tomato/release/src-rt/router/zlib conftest.c >&5
configure:7629: $? = 0
configure:7713: result: yes
configure:7726: checking for sys/types.h
configure:7726: mipsel-uclibc-gcc -c -Os -Wall -fno-delete-null-pointer-checks -funit-at-a-time 		--param large-function-growth=800 --param max-inline-insns-single=3000 		-ffunction-sections -fdata-sections -I/home/aaronfinney/tomato/release/src-rt/router/zlib conftest.c >&5
configure:7726: $? = 0
configure:7726: result: yes
configure:7726: checking for sys/stat.h
configure:7726: mipsel-uclibc-gcc -c -Os -Wall -fno-delete-null-pointer-checks -funit-at-a-time 		--param large-function-growth=800 --param max-inline-insns-single=3000 		-ffunction-sections -fdata-sections -I/home/aaronfinney/tomato/release/src-rt/router/zlib conftest.c >&5
configure:7726: $? = 0
configure:7726: result: yes
configure:7726: checking for stdlib.h
configure:7726: mipsel-uclibc-gcc -c -Os -Wall -fno-delete-null-pointer-checks -funit-at-a-time 		--param large-function-growth=800 --param max-inline-insns-single=3000 		-ffunction-sections -fdata-sections -I/home/aaronfinney/tomato/release/src-rt/router/zlib conftest.c >&5
configure:7726: $? = 0
configure:7726: result: yes
configure:7726: checking for string.h
configure:7726: mipsel-uclibc-gcc -c -Os -Wall -fno-delete-null-pointer-checks -funit-at-a-time 		--param large-function-growth=800 --param max-inline-insns-single=3000 		-ffunction-sections -fdata-sections -I/home/aaronfinney/tomato/release/src-rt/router/zlib conftest.c >&5
configure:7726: $? = 0
configure:7726: result: yes
configure:7726: checking for memory.h
configure:7726: mipsel-uclibc-gcc -c -Os -Wall -fno-delete-null-pointer-checks -funit-at-a-time 		--param large-function-growth=800 --param max-inline-insns-single=3000 		-ffunction-sections -fdata-sections -I/home/aaronfinney/tomato/release/src-rt/router/zlib conftest.c >&5
configure:7726: $? = 0
configure:7726: result: yes
configure:7726: checking for strings.h
configure:7726: mipsel-uclibc-gcc -c -Os -Wall -fno-delete-null-pointer-checks -funit-at-a-time 		--param large-function-growth=800 --param max-inline-insns-single=3000 		-ffunction-sections -fdata-sections -I/home/aaronfinney/tomato/release/src-rt/router/zlib conftest.c >&5
configure:7726: $? = 0
configure:7726: result: yes
configure:7726: checking for inttypes.h
configure:7726: mipsel-uclibc-gcc -c -Os -Wall -fno-delete-null-pointer-checks -funit-at-a-time 		--param large-function-growth=800 --param max-inline-insns-single=3000 		-ffunction-sections -fdata-sections -I/home/aaronfinney/tomato/release/src-rt/router/zlib conftest.c >&5
configure:7726: $? = 0
configure:7726: result: yes
configure:7726: checking for stdint.h
configure:7726: mipsel-uclibc-gcc -c -Os -Wall -fno-delete-null-pointer-checks -funit-at-a-time 		--param large-function-growth=800 --param max-inline-insns-single=3000 		-ffunction-sections -fdata-sections -I/home/aaronfinney/tomato/release/src-rt/router/zlib conftest.c >&5
configure:7726: $? = 0
configure:7726: result: yes
configure:7726: checking for unistd.h
configure:7726: mipsel-uclibc-gcc -c -Os -Wall -fno-delete-null-pointer-checks -funit-at-a-time 		--param large-function-growth=800 --param max-inline-insns-single=3000 		-ffunction-sections -fdata-sections -I/home/aaronfinney/tomato/release/src-rt/router/zlib conftest.c >&5
configure:7726: $? = 0
configure:7726: result: yes
configure:7740: checking for dlfcn.h
configure:7740: mipsel-uclibc-gcc -c -Os -Wall -fno-delete-null-pointer-checks -funit-at-a-time 		--param large-function-growth=800 --param max-inline-insns-single=3000 		-ffunction-sections -fdata-sections -I/home/aaronfinney/tomato/release/src-rt/router/zlib conftest.c >&5
configure:7740: $? = 0
configure:7740: result: yes
configure:7946: checking for objdir
configure:7961: result: .libs
configure:8232: checking if mipsel-uclibc-gcc supports -fno-rtti -fno-exceptions
configure:8250: mipsel-uclibc-gcc -c -Os -Wall -fno-delete-null-pointer-checks -funit-at-a-time 		--param large-function-growth=800 --param max-inline-insns-single=3000 		-ffunction-sections -fdata-sections -I/home/aaronfinney/tomato/release/src-rt/router/zlib -fno-rtti -fno-exceptions conftest.c >&5
cc1: warning: command line option "-fno-rtti" is valid for C++/ObjC++ but not for C
configure:8254: $? = 0
configure:8267: result: no
configure:8594: checking for mipsel-uclibc-gcc option to produce PIC
configure:8601: result: -fPIC -DPIC
configure:8609: checking if mipsel-uclibc-gcc PIC flag -fPIC -DPIC works
configure:8627: mipsel-uclibc-gcc -c -Os -Wall -fno-delete-null-pointer-checks -funit-at-a-time 		--param large-function-growth=800 --param max-inline-insns-single=3000 		-ffunction-sections -fdata-sections -I/home/aaronfinney/tomato/release/src-rt/router/zlib -fPIC -DPIC -DPIC conftest.c >&5
configure:8631: $? = 0
configure:8644: result: yes
configure:8673: checking if mipsel-uclibc-gcc static flag -static works
configure:8701: result: yes
configure:8716: checking if mipsel-uclibc-gcc supports -c -o file.o
configure:8737: mipsel-uclibc-gcc -c -Os -Wall -fno-delete-null-pointer-checks -funit-at-a-time 		--param large-function-growth=800 --param max-inline-insns-single=3000 		-ffunction-sections -fdata-sections -I/home/aaronfinney/tomato/release/src-rt/router/zlib -o out/conftest2.o conftest.c >&5
configure:8741: $? = 0
configure:8763: result: yes
configure:8771: checking if mipsel-uclibc-gcc supports -c -o file.o
configure:8818: result: yes
configure:8851: checking whether the mipsel-uclibc-gcc linker (mipsel-uclibc-ld) supports shared libraries
configure:10008: result: yes
configure:10045: checking whether -lc should be explicitly linked in
configure:10053: mipsel-uclibc-gcc -c -Os -Wall -fno-delete-null-pointer-checks -funit-at-a-time 		--param large-function-growth=800 --param max-inline-insns-single=3000 		-ffunction-sections -fdata-sections -I/home/aaronfinney/tomato/release/src-rt/router/zlib conftest.c >&5
configure:10056: $? = 0
configure:10071: mipsel-uclibc-gcc -shared  -fPIC -DPIC conftest.o  -v -Wl,-soname -Wl,conftest -o conftest 2\>\&1 \| /bin/grep  -lc  \>/dev/null 2\>\&1
configure:10074: $? = 0
configure:10088: result: no
configure:10248: checking dynamic linker characteristics
configure:10748: mipsel-uclibc-gcc -o conftest -Os -Wall -fno-delete-null-pointer-checks -funit-at-a-time 		--param large-function-growth=800 --param max-inline-insns-single=3000 		-ffunction-sections -fdata-sections -I/home/aaronfinney/tomato/release/src-rt/router/zlib -L/home/aaronfinney/tomato/release/src-rt/router/zlib -ffunction-sections -fdata-sections -Wl,--gc-sections -fPIC -Wl,-rpath -Wl,/foo conftest.c  >&5
configure:10748: $? = 0
configure:10982: result: GNU/Linux ld.so
configure:11089: checking how to hardcode library paths into programs
configure:11114: result: immediate
configure:11654: checking whether stripping libraries is possible
configure:11659: result: yes
configure:11694: checking if libtool supports shared libraries
configure:11696: result: yes
configure:11699: checking whether to build shared libraries
configure:11720: result: yes
configure:11723: checking whether to build static libraries
configure:11727: result: yes
configure:11828: checking for mipsel-linux-gcc
configure:11855: result: mipsel-uclibc-gcc
configure:12124: checking for C compiler version
configure:12133: mipsel-uclibc-gcc --version >&5
mipsel-uclibc-gcc (GCC) 4.2.4
Copyright (C) 2007 Free Software Foundation, Inc.
This is free software; see the source for copying conditions.  There is NO
warranty; not even for MERCHANTABILITY or FITNESS FOR A PARTICULAR PURPOSE.

configure:12144: $? = 0
configure:12133: mipsel-uclibc-gcc -v >&5
Using built-in specs.
Target: mipsel-linux-uclibc
Configured with: /home/shibby/openwrt/tomato.toolchain/t/build_dir/toolchain-mipsel_gcc4.2.4/gcc-4.2.4/configure --prefix=/opt/brcm/hndtools-mipsel-uclibc-4.2.4 --build=x86_64-linux-gnu --host=x86_64-linux-gnu --target=mipsel-linux-uclibc --with-gnu-ld --enable-target-optspace --disable-libgomp --disable-libmudflap --disable-multilib --disable-nls --disable-__cxa_atexit --enable-libssp --enable-languages=c,c++ --enable-shared --enable-threads --enable-tls
Thread model: posix
gcc version 4.2.4
configure:12144: $? = 0
configure:12133: mipsel-uclibc-gcc -V >&5
mipsel-uclibc-gcc: '-V' option must have argument
configure:12144: $? = 1
configure:12133: mipsel-uclibc-gcc -qversion >&5
mipsel-uclibc-gcc: unrecognized option '-qversion'
mipsel-uclibc-gcc: no input files
configure:12144: $? = 1
configure:12148: checking whether we are using the GNU C compiler
configure:12176: result: yes
configure:12185: checking whether mipsel-uclibc-gcc accepts -g
configure:12246: result: yes
configure:12263: checking for mipsel-uclibc-gcc option to accept ISO C89
configure:12339: result: none needed
configure:12361: checking dependency style of mipsel-uclibc-gcc
configure:12472: result: gcc3
configure:12501: checking for mipsel-linux-g++
configure:12517: found /opt/brcm/hndtools-mipsel-uclibc/bin/mipsel-linux-g++
configure:12528: result: mipsel-linux-g++
configure:12599: checking for C++ compiler version
configure:12608: mipsel-linux-g++ --version >&5
mipsel-linux-g++ (GCC) 4.2.4
Copyright (C) 2007 Free Software Foundation, Inc.
This is free software; see the source for copying conditions.  There is NO
warranty; not even for MERCHANTABILITY or FITNESS FOR A PARTICULAR PURPOSE.

configure:12619: $? = 0
configure:12608: mipsel-linux-g++ -v >&5
Using built-in specs.
Target: mipsel-linux-uclibc
Configured with: /home/shibby/openwrt/tomato.toolchain/t/build_dir/toolchain-mipsel_gcc4.2.4/gcc-4.2.4/configure --prefix=/opt/brcm/hndtools-mipsel-uclibc-4.2.4 --build=x86_64-linux-gnu --host=x86_64-linux-gnu --target=mipsel-linux-uclibc --with-gnu-ld --enable-target-optspace --disable-libgomp --disable-libmudflap --disable-multilib --disable-nls --disable-__cxa_atexit --enable-libssp --enable-languages=c,c++ --enable-shared --enable-threads --enable-tls
Thread model: posix
gcc version 4.2.4
configure:12619: $? = 0
configure:12608: mipsel-linux-g++ -V >&5
mipsel-linux-g++: '-V' option must have argument
configure:12619: $? = 1
configure:12608: mipsel-linux-g++ -qversion >&5
mipsel-linux-g++: unrecognized option '-qversion'
mipsel-linux-g++: no input files
configure:12619: $? = 1
configure:12623: checking whether we are using the GNU C++ compiler
configure:12642: mipsel-linux-g++ -c  -I/home/aaronfinney/tomato/release/src-rt/router/zlib -DNDEBUG conftest.cpp >&5
configure:12642: $? = 0
configure:12651: result: yes
configure:12660: checking whether mipsel-linux-g++ accepts -g
configure:12680: mipsel-linux-g++ -c -g -I/home/aaronfinney/tomato/release/src-rt/router/zlib -DNDEBUG conftest.cpp >&5
configure:12680: $? = 0
configure:12721: result: yes
configure:12746: checking dependency style of mipsel-linux-g++
configure:12857: result: gcc3
configure:12890: checking how to run the C++ preprocessor
configure:12917: mipsel-linux-g++ -E -I/home/aaronfinney/tomato/release/src-rt/router/zlib -DNDEBUG conftest.cpp
configure:12917: $? = 0
configure:12931: mipsel-linux-g++ -E -I/home/aaronfinney/tomato/release/src-rt/router/zlib -DNDEBUG conftest.cpp
conftest.cpp:23:28: error: ac_nonexistent.h: No such file or directory
configure:12931: $? = 1
configure: failed program was:
| /* confdefs.h */
| #define PACKAGE_NAME "transmission"
| #define PACKAGE_TARNAME "transmission"
| #define PACKAGE_VERSION "2.81"
| #define PACKAGE_STRING "transmission 2.81"
| #define PACKAGE_BUGREPORT "http://trac.transmissionbt.com/newticket"
| #define PACKAGE_URL ""
| #define PACKAGE "transmission"
| #define VERSION "2.81"
| #define STDC_HEADERS 1
| #define HAVE_SYS_TYPES_H 1
| #define HAVE_SYS_STAT_H 1
| #define HAVE_STDLIB_H 1
| #define HAVE_STRING_H 1
| #define HAVE_MEMORY_H 1
| #define HAVE_STRINGS_H 1
| #define HAVE_INTTYPES_H 1
| #define HAVE_STDINT_H 1
| #define HAVE_UNISTD_H 1
| #define HAVE_DLFCN_H 1
| #define LT_OBJDIR ".libs/"
| /* end confdefs.h.  */
| #include <ac_nonexistent.h>
configure:12956: result: mipsel-linux-g++ -E
configure:12976: mipsel-linux-g++ -E -I/home/aaronfinney/tomato/release/src-rt/router/zlib -DNDEBUG conftest.cpp
configure:12976: $? = 0
configure:12990: mipsel-linux-g++ -E -I/home/aaronfinney/tomato/release/src-rt/router/zlib -DNDEBUG conftest.cpp
conftest.cpp:23:28: error: ac_nonexistent.h: No such file or directory
configure:12990: $? = 1
configure: failed program was:
| /* confdefs.h */
| #define PACKAGE_NAME "transmission"
| #define PACKAGE_TARNAME "transmission"
| #define PACKAGE_VERSION "2.81"
| #define PACKAGE_STRING "transmission 2.81"
| #define PACKAGE_BUGREPORT "http://trac.transmissionbt.com/newticket"
| #define PACKAGE_URL ""
| #define PACKAGE "transmission"
| #define VERSION "2.81"
| #define STDC_HEADERS 1
| #define HAVE_SYS_TYPES_H 1
| #define HAVE_SYS_STAT_H 1
| #define HAVE_STDLIB_H 1
| #define HAVE_STRING_H 1
| #define HAVE_MEMORY_H 1
| #define HAVE_STRINGS_H 1
| #define HAVE_INTTYPES_H 1
| #define HAVE_STDINT_H 1
| #define HAVE_UNISTD_H 1
| #define HAVE_DLFCN_H 1
| #define LT_OBJDIR ".libs/"
| /* end confdefs.h.  */
| #include <ac_nonexistent.h>
configure:13159: checking for ld used by mipsel-linux-g++
configure:13226: result: mipsel-uclibc-ld
configure:13233: checking if the linker (mipsel-uclibc-ld) is GNU ld
configure:13248: result: yes
configure:13303: checking whether the mipsel-linux-g++ linker (mipsel-uclibc-ld) supports shared libraries
configure:14305: result: yes
configure:14341: mipsel-linux-g++ -c -g -O2 -I/home/aaronfinney/tomato/release/src-rt/router/zlib -DNDEBUG conftest.cpp >&5
configure:14344: $? = 0
configure:14864: checking for mipsel-linux-g++ option to produce PIC
configure:14871: result: -fPIC -DPIC
configure:14879: checking if mipsel-linux-g++ PIC flag -fPIC -DPIC works
configure:14897: mipsel-linux-g++ -c -g -O2 -I/home/aaronfinney/tomato/release/src-rt/router/zlib -DNDEBUG -fPIC -DPIC -DPIC conftest.cpp >&5
configure:14901: $? = 0
configure:14914: result: yes
configure:14937: checking if mipsel-linux-g++ static flag -static works
configure:14965: result: yes
configure:14977: checking if mipsel-linux-g++ supports -c -o file.o
configure:14998: mipsel-linux-g++ -c -g -O2 -I/home/aaronfinney/tomato/release/src-rt/router/zlib -DNDEBUG -o out/conftest2.o conftest.cpp >&5
configure:15002: $? = 0
configure:15024: result: yes
configure:15029: checking if mipsel-linux-g++ supports -c -o file.o
configure:15076: result: yes
configure:15106: checking whether the mipsel-linux-g++ linker (mipsel-uclibc-ld) supports shared libraries
configure:15145: result: yes
configure:15286: checking dynamic linker characteristics
configure:15954: result: GNU/Linux ld.so
configure:16007: checking how to hardcode library paths into programs
configure:16032: result: immediate
configure:16082: checking for mipsel-linux-g++
configure:16110: result: yes
configure:16120: checking for inline
configure:16136: mipsel-uclibc-gcc -c -Os -Wall -fno-delete-null-pointer-checks -funit-at-a-time 		--param large-function-growth=800 --param max-inline-insns-single=3000 		-ffunction-sections -fdata-sections -I/home/aaronfinney/tomato/release/src-rt/router/zlib -DNDEBUG conftest.c >&5
configure:16136: $? = 0
configure:16144: result: inline
configure:16166: checking gcc version
configure:16173: result: 4.2.4
configure:16183: checking for ANSI C header files
configure:16287: result: yes
configure:16295: checking whether time.h and sys/time.h may both be included
configure:16315: mipsel-uclibc-gcc -c -Os -Wall -fno-delete-null-pointer-checks -funit-at-a-time 		--param large-function-growth=800 --param max-inline-insns-single=3000 		-ffunction-sections -fdata-sections -std=gnu99 -ggdb3 -Wall -W -Wpointer-arith -Wformat-security -Wcast-align -Wundef -Wcast-align -Wstrict-prototypes -Wmissing-declarations -Wmissing-format-attribute -Wredundant-decls -Wnested-externs -Wunused-parameter -Wwrite-strings -Winline -Wfloat-equal -Wextra -Wdeclaration-after-statement -Winit-self -I/home/aaronfinney/tomato/release/src-rt/router/zlib -DNDEBUG conftest.c >&5
conftest.c:30: warning: function declaration isn't a prototype
configure:16315: $? = 0
configure:16322: result: yes
configure:16333: checking stdbool.h usability
configure:16333: mipsel-uclibc-gcc -c -Os -Wall -fno-delete-null-pointer-checks -funit-at-a-time 		--param large-function-growth=800 --param max-inline-insns-single=3000 		-ffunction-sections -fdata-sections -std=gnu99 -ggdb3 -Wall -W -Wpointer-arith -Wformat-security -Wcast-align -Wundef -Wcast-align -Wstrict-prototypes -Wmissing-declarations -Wmissing-format-attribute -Wredundant-decls -Wnested-externs -Wunused-parameter -Wwrite-strings -Winline -Wfloat-equal -Wextra -Wdeclaration-after-statement -Winit-self -I/home/aaronfinney/tomato/release/src-rt/router/zlib -DNDEBUG conftest.c >&5
configure:16333: $? = 0
configure:16333: result: yes
configure:16333: checking stdbool.h presence
configure:16333: mipsel-uclibc-gcc -E -I/home/aaronfinney/tomato/release/src-rt/router/zlib -DNDEBUG conftest.c
configure:16333: $? = 0
configure:16333: result: yes
configure:16333: checking for stdbool.h
configure:16333: result: yes
configure:16346: checking for iconv_open
configure:16346: mipsel-uclibc-gcc -o conftest -Os -Wall -fno-delete-null-pointer-checks -funit-at-a-time 		--param large-function-growth=800 --param max-inline-insns-single=3000 		-ffunction-sections -fdata-sections -std=gnu99 -ggdb3 -Wall -W -Wpointer-arith -Wformat-security -Wcast-align -Wundef -Wcast-align -Wstrict-prototypes -Wmissing-declarations -Wmissing-format-attribute -Wredundant-decls -Wnested-externs -Wunused-parameter -Wwrite-strings -Winline -Wfloat-equal -Wextra -Wdeclaration-after-statement -Winit-self -I/home/aaronfinney/tomato/release/src-rt/router/zlib -DNDEBUG -L/home/aaronfinney/tomato/release/src-rt/router/zlib -ffunction-sections -fdata-sections -Wl,--gc-sections -fPIC conftest.c  >&5
conftest.c:49: warning: function declaration isn't a prototype
conftest.c:59: warning: function declaration isn't a prototype
/tmp/cc2774eu.o: In function `main':
/home/aaronfinney/tomato/release/src/router/transmission/conftest.c:60: undefined reference to `iconv_open'
collect2: ld returned 1 exit status
configure:16346: $? = 1
configure: failed program was:
| /* confdefs.h */
| #define PACKAGE_NAME "transmission"
| #define PACKAGE_TARNAME "transmission"
| #define PACKAGE_VERSION "2.81"
| #define PACKAGE_STRING "transmission 2.81"
| #define PACKAGE_BUGREPORT "http://trac.transmissionbt.com/newticket"
| #define PACKAGE_URL ""
| #define PACKAGE "transmission"
| #define VERSION "2.81"
| #define STDC_HEADERS 1
| #define HAVE_SYS_TYPES_H 1
| #define HAVE_SYS_STAT_H 1
| #define HAVE_STDLIB_H 1
| #define HAVE_STRING_H 1
| #define HAVE_MEMORY_H 1
| #define HAVE_STRINGS_H 1
| #define HAVE_INTTYPES_H 1
| #define HAVE_STDINT_H 1
| #define HAVE_UNISTD_H 1
| #define HAVE_DLFCN_H 1
| #define LT_OBJDIR ".libs/"
| #define STDC_HEADERS 1
| #define TIME_WITH_SYS_TIME 1
| #define HAVE_STDBOOL_H 1
| /* end confdefs.h.  */
| /* Define iconv_open to an innocuous variant, in case <limits.h> declares iconv_open.
|    For example, HP-UX 11i <limits.h> declares gettimeofday.  */
| #define iconv_open innocuous_iconv_open
| 
| /* System header to define __stub macros and hopefully few prototypes,
|     which can conflict with char iconv_open (); below.
|     Prefer <limits.h> to <assert.h> if __STDC__ is defined, since
|     <limits.h> exists even on freestanding compilers.  */
| 
| #ifdef __STDC__
| # include <limits.h>
| #else
| # include <assert.h>
| #endif
| 
| #undef iconv_open
| 
| /* Override any GCC internal prototype to avoid an error.
|    Use char because int might match the return type of a GCC
|    builtin and then its argument prototype would still apply.  */
| #ifdef __cplusplus
| extern "C"
| #endif
| char iconv_open ();
| /* The GNU C library defines this for functions which it implements
|     to always fail with ENOSYS.  Some functions are actually named
|     something starting with __ and the normal name is an alias.  */
| #if defined __stub_iconv_open || defined __stub___iconv_open
| choke me
| #endif
| 
| int
| main ()
| {
| return iconv_open ();
|   ;
|   return 0;
| }
configure:16346: result: no
configure:16346: checking for pread
configure:16346: mipsel-uclibc-gcc -o conftest -Os -Wall -fno-delete-null-pointer-checks -funit-at-a-time 		--param large-function-growth=800 --param max-inline-insns-single=3000 		-ffunction-sections -fdata-sections -std=gnu99 -ggdb3 -Wall -W -Wpointer-arith -Wformat-security -Wcast-align -Wundef -Wcast-align -Wstrict-prototypes -Wmissing-declarations -Wmissing-format-attribute -Wredundant-decls -Wnested-externs -Wunused-parameter -Wwrite-strings -Winline -Wfloat-equal -Wextra -Wdeclaration-after-statement -Winit-self -I/home/aaronfinney/tomato/release/src-rt/router/zlib -DNDEBUG -L/home/aaronfinney/tomato/release/src-rt/router/zlib -ffunction-sections -fdata-sections -Wl,--gc-sections -fPIC conftest.c  >&5
conftest.c:49: warning: function declaration isn't a prototype
conftest.c:59: warning: function declaration isn't a prototype
configure:16346: $? = 0
configure:16346: result: yes
configure:16346: checking for pwrite
configure:16346: mipsel-uclibc-gcc -o conftest -Os -Wall -fno-delete-null-pointer-checks -funit-at-a-time 		--param large-function-growth=800 --param max-inline-insns-single=3000 		-ffunction-sections -fdata-sections -std=gnu99 -ggdb3 -Wall -W -Wpointer-arith -Wformat-security -Wcast-align -Wundef -Wcast-align -Wstrict-prototypes -Wmissing-declarations -Wmissing-format-attribute -Wredundant-decls -Wnested-externs -Wunused-parameter -Wwrite-strings -Winline -Wfloat-equal -Wextra -Wdeclaration-after-statement -Winit-self -I/home/aaronfinney/tomato/release/src-rt/router/zlib -DNDEBUG -L/home/aaronfinney/tomato/release/src-rt/router/zlib -ffunction-sections -fdata-sections -Wl,--gc-sections -fPIC conftest.c  >&5
conftest.c:50: warning: function declaration isn't a prototype
conftest.c:60: warning: function declaration isn't a prototype
configure:16346: $? = 0
configure:16346: result: yes
configure:16346: checking for lrintf
configure:16346: mipsel-uclibc-gcc -o conftest -Os -Wall -fno-delete-null-pointer-checks -funit-at-a-time 		--param large-function-growth=800 --param max-inline-insns-single=3000 		-ffunction-sections -fdata-sections -std=gnu99 -ggdb3 -Wall -W -Wpointer-arith -Wformat-security -Wcast-align -Wundef -Wcast-align -Wstrict-prototypes -Wmissing-declarations -Wmissing-format-attribute -Wredundant-decls -Wnested-externs -Wunused-parameter -Wwrite-strings -Winline -Wfloat-equal -Wextra -Wdeclaration-after-statement -Winit-self -I/home/aaronfinney/tomato/release/src-rt/router/zlib -DNDEBUG -L/home/aaronfinney/tomato/release/src-rt/router/zlib -ffunction-sections -fdata-sections -Wl,--gc-sections -fPIC conftest.c  >&5
conftest.c:51: warning: function declaration isn't a prototype
conftest.c:51: warning: conflicting types for built-in function 'lrintf'
conftest.c:61: warning: function declaration isn't a prototype
/tmp/ccEgv4tO.o: In function `main':
/home/aaronfinney/tomato/release/src/router/transmission/conftest.c:62: undefined reference to `lrintf'
collect2: ld returned 1 exit status
configure:16346: $? = 1
configure: failed program was:
| /* confdefs.h */
| #define PACKAGE_NAME "transmission"
| #define PACKAGE_TARNAME "transmission"
| #define PACKAGE_VERSION "2.81"
| #define PACKAGE_STRING "transmission 2.81"
| #define PACKAGE_BUGREPORT "http://trac.transmissionbt.com/newticket"
| #define PACKAGE_URL ""
| #define PACKAGE "transmission"
| #define VERSION "2.81"
| #define STDC_HEADERS 1
| #define HAVE_SYS_TYPES_H 1
| #define HAVE_SYS_STAT_H 1
| #define HAVE_STDLIB_H 1
| #define HAVE_STRING_H 1
| #define HAVE_MEMORY_H 1
| #define HAVE_STRINGS_H 1
| #define HAVE_INTTYPES_H 1
| #define HAVE_STDINT_H 1
| #define HAVE_UNISTD_H 1
| #define HAVE_DLFCN_H 1
| #define LT_OBJDIR ".libs/"
| #define STDC_HEADERS 1
| #define TIME_WITH_SYS_TIME 1
| #define HAVE_STDBOOL_H 1
| #define HAVE_PREAD 1
| #define HAVE_PWRITE 1
| /* end confdefs.h.  */
| /* Define lrintf to an innocuous variant, in case <limits.h> declares lrintf.
|    For example, HP-UX 11i <limits.h> declares gettimeofday.  */
| #define lrintf innocuous_lrintf
| 
| /* System header to define __stub macros and hopefully few prototypes,
|     which can conflict with char lrintf (); below.
|     Prefer <limits.h> to <assert.h> if __STDC__ is defined, since
|     <limits.h> exists even on freestanding compilers.  */
| 
| #ifdef __STDC__
| # include <limits.h>
| #else
| # include <assert.h>
| #endif
| 
| #undef lrintf
| 
| /* Override any GCC internal prototype to avoid an error.
|    Use char because int might match the return type of a GCC
|    builtin and then its argument prototype would still apply.  */
| #ifdef __cplusplus
| extern "C"
| #endif
| char lrintf ();
| /* The GNU C library defines this for functions which it implements
|     to always fail with ENOSYS.  Some functions are actually named
|     something starting with __ and the normal name is an alias.  */
| #if defined __stub_lrintf || defined __stub___lrintf
| choke me
| #endif
| 
| int
| main ()
| {
| return lrintf ();
|   ;
|   return 0;
| }
configure:16346: result: no
configure:16346: checking for strlcpy
configure:16346: mipsel-uclibc-gcc -o conftest -Os -Wall -fno-delete-null-pointer-checks -funit-at-a-time 		--param large-function-growth=800 --param max-inline-insns-single=3000 		-ffunction-sections -fdata-sections -std=gnu99 -ggdb3 -Wall -W -Wpointer-arith -Wformat-security -Wcast-align -Wundef -Wcast-align -Wstrict-prototypes -Wmissing-declarations -Wmissing-format-attribute -Wredundant-decls -Wnested-externs -Wunused-parameter -Wwrite-strings -Winline -Wfloat-equal -Wextra -Wdeclaration-after-statement -Winit-self -I/home/aaronfinney/tomato/release/src-rt/router/zlib -DNDEBUG -L/home/aaronfinney/tomato/release/src-rt/router/zlib -ffunction-sections -fdata-sections -Wl,--gc-sections -fPIC conftest.c  >&5
conftest.c:51: warning: function declaration isn't a prototype
conftest.c:61: warning: function declaration isn't a prototype
configure:16346: $? = 0
configure:16346: result: yes
configure:16346: checking for daemon
configure:16346: mipsel-uclibc-gcc -o conftest -Os -Wall -fno-delete-null-pointer-checks -funit-at-a-time 		--param large-function-growth=800 --param max-inline-insns-single=3000 		-ffunction-sections -fdata-sections -std=gnu99 -ggdb3 -Wall -W -Wpointer-arith -Wformat-security -Wcast-align -Wundef -Wcast-align -Wstrict-prototypes -Wmissing-declarations -Wmissing-format-attribute -Wredundant-decls -Wnested-externs -Wunused-parameter -Wwrite-strings -Winline -Wfloat-equal -Wextra -Wdeclaration-after-statement -Winit-self -I/home/aaronfinney/tomato/release/src-rt/router/zlib -DNDEBUG -L/home/aaronfinney/tomato/release/src-rt/router/zlib -ffunction-sections -fdata-sections -Wl,--gc-sections -fPIC conftest.c  >&5
conftest.c:52: warning: function declaration isn't a prototype
conftest.c:62: warning: function declaration isn't a prototype
configure:16346: $? = 0
configure:16346: result: yes
configure:16346: checking for dirname
configure:16346: mipsel-uclibc-gcc -o conftest -Os -Wall -fno-delete-null-pointer-checks -funit-at-a-time 		--param large-function-growth=800 --param max-inline-insns-single=3000 		-ffunction-sections -fdata-sections -std=gnu99 -ggdb3 -Wall -W -Wpointer-arith -Wformat-security -Wcast-align -Wundef -Wcast-align -Wstrict-prototypes -Wmissing-declarations -Wmissing-format-attribute -Wredundant-decls -Wnested-externs -Wunused-parameter -Wwrite-strings -Winline -Wfloat-equal -Wextra -Wdeclaration-after-statement -Winit-self -I/home/aaronfinney/tomato/release/src-rt/router/zlib -DNDEBUG -L/home/aaronfinney/tomato/release/src-rt/router/zlib -ffunction-sections -fdata-sections -Wl,--gc-sections -fPIC conftest.c  >&5
conftest.c:53: warning: function declaration isn't a prototype
conftest.c:63: warning: function declaration isn't a prototype
configure:16346: $? = 0
configure:16346: result: yes
configure:16346: checking for basename
configure:16346: mipsel-uclibc-gcc -o conftest -Os -Wall -fno-delete-null-pointer-checks -funit-at-a-time 		--param large-function-growth=800 --param max-inline-insns-single=3000 		-ffunction-sections -fdata-sections -std=gnu99 -ggdb3 -Wall -W -Wpointer-arith -Wformat-security -Wcast-align -Wundef -Wcast-align -Wstrict-prototypes -Wmissing-declarations -Wmissing-format-attribute -Wredundant-decls -Wnested-externs -Wunused-parameter -Wwrite-strings -Winline -Wfloat-equal -Wextra -Wdeclaration-after-statement -Winit-self -I/home/aaronfinney/tomato/release/src-rt/router/zlib -DNDEBUG -L/home/aaronfinney/tomato/release/src-rt/router/zlib -ffunction-sections -fdata-sections -Wl,--gc-sections -fPIC conftest.c  >&5
conftest.c:54: warning: function declaration isn't a prototype
conftest.c:64: warning: function declaration isn't a prototype
configure:16346: $? = 0
configure:16346: result: yes
configure:16346: checking for strcasecmp
configure:16346: mipsel-uclibc-gcc -o conftest -Os -Wall -fno-delete-null-pointer-checks -funit-at-a-time 		--param large-function-growth=800 --param max-inline-insns-single=3000 		-ffunction-sections -fdata-sections -std=gnu99 -ggdb3 -Wall -W -Wpointer-arith -Wformat-security -Wcast-align -Wundef -Wcast-align -Wstrict-prototypes -Wmissing-declarations -Wmissing-format-attribute -Wredundant-decls -Wnested-externs -Wunused-parameter -Wwrite-strings -Winline -Wfloat-equal -Wextra -Wdeclaration-after-statement -Winit-self -I/home/aaronfinney/tomato/release/src-rt/router/zlib -DNDEBUG -L/home/aaronfinney/tomato/release/src-rt/router/zlib -ffunction-sections -fdata-sections -Wl,--gc-sections -fPIC conftest.c  >&5
conftest.c:55: warning: function declaration isn't a prototype
conftest.c:55: warning: conflicting types for built-in function 'strcasecmp'
conftest.c:65: warning: function declaration isn't a prototype
configure:16346: $? = 0
configure:16346: result: yes
configure:16346: checking for localtime_r
configure:16346: mipsel-uclibc-gcc -o conftest -Os -Wall -fno-delete-null-pointer-checks -funit-at-a-time 		--param large-function-growth=800 --param max-inline-insns-single=3000 		-ffunction-sections -fdata-sections -std=gnu99 -ggdb3 -Wall -W -Wpointer-arith -Wformat-security -Wcast-align -Wundef -Wcast-align -Wstrict-prototypes -Wmissing-declarations -Wmissing-format-attribute -Wredundant-decls -Wnested-externs -Wunused-parameter -Wwrite-strings -Winline -Wfloat-equal -Wextra -Wdeclaration-after-statement -Winit-self -I/home/aaronfinney/tomato/release/src-rt/router/zlib -DNDEBUG -L/home/aaronfinney/tomato/release/src-rt/router/zlib -ffunction-sections -fdata-sections -Wl,--gc-sections -fPIC conftest.c  >&5
conftest.c:56: warning: function declaration isn't a prototype
conftest.c:66: warning: function declaration isn't a prototype
configure:16346: $? = 0
configure:16346: result: yes
configure:16346: checking for fallocate64
configure:16346: mipsel-uclibc-gcc -o conftest -Os -Wall -fno-delete-null-pointer-checks -funit-at-a-time 		--param large-function-growth=800 --param max-inline-insns-single=3000 		-ffunction-sections -fdata-sections -std=gnu99 -ggdb3 -Wall -W -Wpointer-arith -Wformat-security -Wcast-align -Wundef -Wcast-align -Wstrict-prototypes -Wmissing-declarations -Wmissing-format-attribute -Wredundant-decls -Wnested-externs -Wunused-parameter -Wwrite-strings -Winline -Wfloat-equal -Wextra -Wdeclaration-after-statement -Winit-self -I/home/aaronfinney/tomato/release/src-rt/router/zlib -DNDEBUG -L/home/aaronfinney/tomato/release/src-rt/router/zlib -ffunction-sections -fdata-sections -Wl,--gc-sections -fPIC conftest.c  >&5
conftest.c:57: warning: function declaration isn't a prototype
conftest.c:67: warning: function declaration isn't a prototype
/tmp/cclp8XYs.o: In function `main':
/home/aaronfinney/tomato/release/src/router/transmission/conftest.c:68: undefined reference to `fallocate64'
collect2: ld returned 1 exit status
configure:16346: $? = 1
configure: failed program was:
| /* confdefs.h */
| #define PACKAGE_NAME "transmission"
| #define PACKAGE_TARNAME "transmission"
| #define PACKAGE_VERSION "2.81"
| #define PACKAGE_STRING "transmission 2.81"
| #define PACKAGE_BUGREPORT "http://trac.transmissionbt.com/newticket"
| #define PACKAGE_URL ""
| #define PACKAGE "transmission"
| #define VERSION "2.81"
| #define STDC_HEADERS 1
| #define HAVE_SYS_TYPES_H 1
| #define HAVE_SYS_STAT_H 1
| #define HAVE_STDLIB_H 1
| #define HAVE_STRING_H 1
| #define HAVE_MEMORY_H 1
| #define HAVE_STRINGS_H 1
| #define HAVE_INTTYPES_H 1
| #define HAVE_STDINT_H 1
| #define HAVE_UNISTD_H 1
| #define HAVE_DLFCN_H 1
| #define LT_OBJDIR ".libs/"
| #define STDC_HEADERS 1
| #define TIME_WITH_SYS_TIME 1
| #define HAVE_STDBOOL_H 1
| #define HAVE_PREAD 1
| #define HAVE_PWRITE 1
| #define HAVE_STRLCPY 1
| #define HAVE_DAEMON 1
| #define HAVE_DIRNAME 1
| #define HAVE_BASENAME 1
| #define HAVE_STRCASECMP 1
| #define HAVE_LOCALTIME_R 1
| /* end confdefs.h.  */
| /* Define fallocate64 to an innocuous variant, in case <limits.h> declares fallocate64.
|    For example, HP-UX 11i <limits.h> declares gettimeofday.  */
| #define fallocate64 innocuous_fallocate64
| 
| /* System header to define __stub macros and hopefully few prototypes,
|     which can conflict with char fallocate64 (); below.
|     Prefer <limits.h> to <assert.h> if __STDC__ is defined, since
|     <limits.h> exists even on freestanding compilers.  */
| 
| #ifdef __STDC__
| # include <limits.h>
| #else
| # include <assert.h>
| #endif
| 
| #undef fallocate64
| 
| /* Override any GCC internal prototype to avoid an error.
|    Use char because int might match the return type of a GCC
|    builtin and then its argument prototype would still apply.  */
| #ifdef __cplusplus
| extern "C"
| #endif
| char fallocate64 ();
| /* The GNU C library defines this for functions which it implements
|     to always fail with ENOSYS.  Some functions are actually named
|     something starting with __ and the normal name is an alias.  */
| #if defined __stub_fallocate64 || defined __stub___fallocate64
| choke me
| #endif
| 
| int
| main ()
| {
| return fallocate64 ();
|   ;
|   return 0;
| }
configure:16346: result: no
configure:16346: checking for posix_fallocate
configure:16346: mipsel-uclibc-gcc -o conftest -Os -Wall -fno-delete-null-pointer-checks -funit-at-a-time 		--param large-function-growth=800 --param max-inline-insns-single=3000 		-ffunction-sections -fdata-sections -std=gnu99 -ggdb3 -Wall -W -Wpointer-arith -Wformat-security -Wcast-align -Wundef -Wcast-align -Wstrict-prototypes -Wmissing-declarations -Wmissing-format-attribute -Wredundant-decls -Wnested-externs -Wunused-parameter -Wwrite-strings -Winline -Wfloat-equal -Wextra -Wdeclaration-after-statement -Winit-self -I/home/aaronfinney/tomato/release/src-rt/router/zlib -DNDEBUG -L/home/aaronfinney/tomato/release/src-rt/router/zlib -ffunction-sections -fdata-sections -Wl,--gc-sections -fPIC conftest.c  >&5
conftest.c:57: warning: function declaration isn't a prototype
conftest.c:67: warning: function declaration isn't a prototype
/tmp/ccRqiisx.o: In function `main':
/home/aaronfinney/tomato/release/src/router/transmission/conftest.c:68: undefined reference to `posix_fallocate'
collect2: ld returned 1 exit status
configure:16346: $? = 1
configure: failed program was:
| /* confdefs.h */
| #define PACKAGE_NAME "transmission"
| #define PACKAGE_TARNAME "transmission"
| #define PACKAGE_VERSION "2.81"
| #define PACKAGE_STRING "transmission 2.81"
| #define PACKAGE_BUGREPORT "http://trac.transmissionbt.com/newticket"
| #define PACKAGE_URL ""
| #define PACKAGE "transmission"
| #define VERSION "2.81"
| #define STDC_HEADERS 1
| #define HAVE_SYS_TYPES_H 1
| #define HAVE_SYS_STAT_H 1
| #define HAVE_STDLIB_H 1
| #define HAVE_STRING_H 1
| #define HAVE_MEMORY_H 1
| #define HAVE_STRINGS_H 1
| #define HAVE_INTTYPES_H 1
| #define HAVE_STDINT_H 1
| #define HAVE_UNISTD_H 1
| #define HAVE_DLFCN_H 1
| #define LT_OBJDIR ".libs/"
| #define STDC_HEADERS 1
| #define TIME_WITH_SYS_TIME 1
| #define HAVE_STDBOOL_H 1
| #define HAVE_PREAD 1
| #define HAVE_PWRITE 1
| #define HAVE_STRLCPY 1
| #define HAVE_DAEMON 1
| #define HAVE_DIRNAME 1
| #define HAVE_BASENAME 1
| #define HAVE_STRCASECMP 1
| #define HAVE_LOCALTIME_R 1
| /* end confdefs.h.  */
| /* Define posix_fallocate to an innocuous variant, in case <limits.h> declares posix_fallocate.
|    For example, HP-UX 11i <limits.h> declares gettimeofday.  */
| #define posix_fallocate innocuous_posix_fallocate
| 
| /* System header to define __stub macros and hopefully few prototypes,
|     which can conflict with char posix_fallocate (); below.
|     Prefer <limits.h> to <assert.h> if __STDC__ is defined, since
|     <limits.h> exists even on freestanding compilers.  */
| 
| #ifdef __STDC__
| # include <limits.h>
| #else
| # include <assert.h>
| #endif
| 
| #undef posix_fallocate
| 
| /* Override any GCC internal prototype to avoid an error.
|    Use char because int might match the return type of a GCC
|    builtin and then its argument prototype would still apply.  */
| #ifdef __cplusplus
| extern "C"
| #endif
| char posix_fallocate ();
| /* The GNU C library defines this for functions which it implements
|     to always fail with ENOSYS.  Some functions are actually named
|     something starting with __ and the normal name is an alias.  */
| #if defined __stub_posix_fallocate || defined __stub___posix_fallocate
| choke me
| #endif
| 
| int
| main ()
| {
| return posix_fallocate ();
|   ;
|   return 0;
| }
configure:16346: result: no
configure:16346: checking for memmem
configure:16346: mipsel-uclibc-gcc -o conftest -Os -Wall -fno-delete-null-pointer-checks -funit-at-a-time 		--param large-function-growth=800 --param max-inline-insns-single=3000 		-ffunction-sections -fdata-sections -std=gnu99 -ggdb3 -Wall -W -Wpointer-arith -Wformat-security -Wcast-align -Wundef -Wcast-align -Wstrict-prototypes -Wmissing-declarations -Wmissing-format-attribute -Wredundant-decls -Wnested-externs -Wunused-parameter -Wwrite-strings -Winline -Wfloat-equal -Wextra -Wdeclaration-after-statement -Winit-self -I/home/aaronfinney/tomato/release/src-rt/router/zlib -DNDEBUG -L/home/aaronfinney/tomato/release/src-rt/router/zlib -ffunction-sections -fdata-sections -Wl,--gc-sections -fPIC conftest.c  >&5
conftest.c:57: warning: function declaration isn't a prototype
conftest.c:67: warning: function declaration isn't a prototype
configure:16346: $? = 0
configure:16346: result: yes
configure:16346: checking for strsep
configure:16346: mipsel-uclibc-gcc -o conftest -Os -Wall -fno-delete-null-pointer-checks -funit-at-a-time 		--param large-function-growth=800 --param max-inline-insns-single=3000 		-ffunction-sections -fdata-sections -std=gnu99 -ggdb3 -Wall -W -Wpointer-arith -Wformat-security -Wcast-align -Wundef -Wcast-align -Wstrict-prototypes -Wmissing-declarations -Wmissing-format-attribute -Wredundant-decls -Wnested-externs -Wunused-parameter -Wwrite-strings -Winline -Wfloat-equal -Wextra -Wdeclaration-after-statement -Winit-self -I/home/aaronfinney/tomato/release/src-rt/router/zlib -DNDEBUG -L/home/aaronfinney/tomato/release/src-rt/router/zlib -ffunction-sections -fdata-sections -Wl,--gc-sections -fPIC conftest.c  >&5
conftest.c:58: warning: function declaration isn't a prototype
conftest.c:68: warning: function declaration isn't a prototype
configure:16346: $? = 0
configure:16346: result: yes
configure:16346: checking for strtold
configure:16346: mipsel-uclibc-gcc -o conftest -Os -Wall -fno-delete-null-pointer-checks -funit-at-a-time 		--param large-function-growth=800 --param max-inline-insns-single=3000 		-ffunction-sections -fdata-sections -std=gnu99 -ggdb3 -Wall -W -Wpointer-arith -Wformat-security -Wcast-align -Wundef -Wcast-align -Wstrict-prototypes -Wmissing-declarations -Wmissing-format-attribute -Wredundant-decls -Wnested-externs -Wunused-parameter -Wwrite-strings -Winline -Wfloat-equal -Wextra -Wdeclaration-after-statement -Winit-self -I/home/aaronfinney/tomato/release/src-rt/router/zlib -DNDEBUG -L/home/aaronfinney/tomato/release/src-rt/router/zlib -ffunction-sections -fdata-sections -Wl,--gc-sections -fPIC conftest.c  >&5
conftest.c:59: warning: function declaration isn't a prototype
conftest.c:69: warning: function declaration isn't a prototype
configure:16346: $? = 0
configure:16346: result: yes
configure:16346: checking for syslog
configure:16346: mipsel-uclibc-gcc -o conftest -Os -Wall -fno-delete-null-pointer-checks -funit-at-a-time 		--param large-function-growth=800 --param max-inline-insns-single=3000 		-ffunction-sections -fdata-sections -std=gnu99 -ggdb3 -Wall -W -Wpointer-arith -Wformat-security -Wcast-align -Wundef -Wcast-align -Wstrict-prototypes -Wmissing-declarations -Wmissing-format-attribute -Wredundant-decls -Wnested-externs -Wunused-parameter -Wwrite-strings -Winline -Wfloat-equal -Wextra -Wdeclaration-after-statement -Winit-self -I/home/aaronfinney/tomato/release/src-rt/router/zlib -DNDEBUG -L/home/aaronfinney/tomato/release/src-rt/router/zlib -ffunction-sections -fdata-sections -Wl,--gc-sections -fPIC conftest.c  >&5
conftest.c:60: warning: function declaration isn't a prototype
conftest.c:70: warning: function declaration isn't a prototype
configure:16346: $? = 0
configure:16346: result: yes
configure:16346: checking for valloc
configure:16346: mipsel-uclibc-gcc -o conftest -Os -Wall -fno-delete-null-pointer-checks -funit-at-a-time 		--param large-function-growth=800 --param max-inline-insns-single=3000 		-ffunction-sections -fdata-sections -std=gnu99 -ggdb3 -Wall -W -Wpointer-arith -Wformat-security -Wcast-align -Wundef -Wcast-align -Wstrict-prototypes -Wmissing-declarations -Wmissing-format-attribute -Wredundant-decls -Wnested-externs -Wunused-parameter -Wwrite-strings -Winline -Wfloat-equal -Wextra -Wdeclaration-after-statement -Winit-self -I/home/aaronfinney/tomato/release/src-rt/router/zlib -DNDEBUG -L/home/aaronfinney/tomato/release/src-rt/router/zlib -ffunction-sections -fdata-sections -Wl,--gc-sections -fPIC conftest.c  >&5
conftest.c:61: warning: function declaration isn't a prototype
conftest.c:71: warning: function declaration isn't a prototype
configure:16346: $? = 0
configure:16346: result: yes
configure:16346: checking for getpagesize
configure:16346: mipsel-uclibc-gcc -o conftest -Os -Wall -fno-delete-null-pointer-checks -funit-at-a-time 		--param large-function-growth=800 --param max-inline-insns-single=3000 		-ffunction-sections -fdata-sections -std=gnu99 -ggdb3 -Wall -W -Wpointer-arith -Wformat-security -Wcast-align -Wundef -Wcast-align -Wstrict-prototypes -Wmissing-declarations -Wmissing-format-attribute -Wredundant-decls -Wnested-externs -Wunused-parameter -Wwrite-strings -Winline -Wfloat-equal -Wextra -Wdeclaration-after-statement -Winit-self -I/home/aaronfinney/tomato/release/src-rt/router/zlib -DNDEBUG -L/home/aaronfinney/tomato/release/src-rt/router/zlib -ffunction-sections -fdata-sections -Wl,--gc-sections -fPIC conftest.c  >&5
conftest.c:62: warning: function declaration isn't a prototype
conftest.c:72: warning: function declaration isn't a prototype
configure:16346: $? = 0
configure:16346: result: yes
configure:16346: checking for posix_memalign
configure:16346: mipsel-uclibc-gcc -o conftest -Os -Wall -fno-delete-null-pointer-checks -funit-at-a-time 		--param large-function-growth=800 --param max-inline-insns-single=3000 		-ffunction-sections -fdata-sections -std=gnu99 -ggdb3 -Wall -W -Wpointer-arith -Wformat-security -Wcast-align -Wundef -Wcast-align -Wstrict-prototypes -Wmissing-declarations -Wmissing-format-attribute -Wredundant-decls -Wnested-externs -Wunused-parameter -Wwrite-strings -Winline -Wfloat-equal -Wextra -Wdeclaration-after-statement -Winit-self -I/home/aaronfinney/tomato/release/src-rt/router/zlib -DNDEBUG -L/home/aaronfinney/tomato/release/src-rt/router/zlib -ffunction-sections -fdata-sections -Wl,--gc-sections -fPIC conftest.c  >&5
conftest.c:63: warning: function declaration isn't a prototype
conftest.c:73: warning: function declaration isn't a prototype
/tmp/cc0jRbGc.o: In function `main':
/home/aaronfinney/tomato/release/src/router/transmission/conftest.c:74: undefined reference to `posix_memalign'
collect2: ld returned 1 exit status
configure:16346: $? = 1
configure: failed program was:
| /* confdefs.h */
| #define PACKAGE_NAME "transmission"
| #define PACKAGE_TARNAME "transmission"
| #define PACKAGE_VERSION "2.81"
| #define PACKAGE_STRING "transmission 2.81"
| #define PACKAGE_BUGREPORT "http://trac.transmissionbt.com/newticket"
| #define PACKAGE_URL ""
| #define PACKAGE "transmission"
| #define VERSION "2.81"
| #define STDC_HEADERS 1
| #define HAVE_SYS_TYPES_H 1
| #define HAVE_SYS_STAT_H 1
| #define HAVE_STDLIB_H 1
| #define HAVE_STRING_H 1
| #define HAVE_MEMORY_H 1
| #define HAVE_STRINGS_H 1
| #define HAVE_INTTYPES_H 1
| #define HAVE_STDINT_H 1
| #define HAVE_UNISTD_H 1
| #define HAVE_DLFCN_H 1
| #define LT_OBJDIR ".libs/"
| #define STDC_HEADERS 1
| #define TIME_WITH_SYS_TIME 1
| #define HAVE_STDBOOL_H 1
| #define HAVE_PREAD 1
| #define HAVE_PWRITE 1
| #define HAVE_STRLCPY 1
| #define HAVE_DAEMON 1
| #define HAVE_DIRNAME 1
| #define HAVE_BASENAME 1
| #define HAVE_STRCASECMP 1
| #define HAVE_LOCALTIME_R 1
| #define HAVE_MEMMEM 1
| #define HAVE_STRSEP 1
| #define HAVE_STRTOLD 1
| #define HAVE_SYSLOG 1
| #define HAVE_VALLOC 1
| #define HAVE_GETPAGESIZE 1
| /* end confdefs.h.  */
| /* Define posix_memalign to an innocuous variant, in case <limits.h> declares posix_memalign.
|    For example, HP-UX 11i <limits.h> declares gettimeofday.  */
| #define posix_memalign innocuous_posix_memalign
| 
| /* System header to define __stub macros and hopefully few prototypes,
|     which can conflict with char posix_memalign (); below.
|     Prefer <limits.h> to <assert.h> if __STDC__ is defined, since
|     <limits.h> exists even on freestanding compilers.  */
| 
| #ifdef __STDC__
| # include <limits.h>
| #else
| # include <assert.h>
| #endif
| 
| #undef posix_memalign
| 
| /* Override any GCC internal prototype to avoid an error.
|    Use char because int might match the return type of a GCC
|    builtin and then its argument prototype would still apply.  */
| #ifdef __cplusplus
| extern "C"
| #endif
| char posix_memalign ();
| /* The GNU C library defines this for functions which it implements
|     to always fail with ENOSYS.  Some functions are actually named
|     something starting with __ and the normal name is an alias.  */
| #if defined __stub_posix_memalign || defined __stub___posix_memalign
| choke me
| #endif
| 
| int
| main ()
| {
| return posix_memalign ();
|   ;
|   return 0;
| }
configure:16346: result: no
configure:16346: checking for statvfs
configure:16346: mipsel-uclibc-gcc -o conftest -Os -Wall -fno-delete-null-pointer-checks -funit-at-a-time 		--param large-function-growth=800 --param max-inline-insns-single=3000 		-ffunction-sections -fdata-sections -std=gnu99 -ggdb3 -Wall -W -Wpointer-arith -Wformat-security -Wcast-align -Wundef -Wcast-align -Wstrict-prototypes -Wmissing-declarations -Wmissing-format-attribute -Wredundant-decls -Wnested-externs -Wunused-parameter -Wwrite-strings -Winline -Wfloat-equal -Wextra -Wdeclaration-after-statement -Winit-self -I/home/aaronfinney/tomato/release/src-rt/router/zlib -DNDEBUG -L/home/aaronfinney/tomato/release/src-rt/router/zlib -ffunction-sections -fdata-sections -Wl,--gc-sections -fPIC conftest.c  >&5
conftest.c:63: warning: function declaration isn't a prototype
conftest.c:73: warning: function declaration isn't a prototype
configure:16346: $? = 0
configure:16346: result: yes
configure:16346: checking for htonll
configure:16346: mipsel-uclibc-gcc -o conftest -Os -Wall -fno-delete-null-pointer-checks -funit-at-a-time 		--param large-function-growth=800 --param max-inline-insns-single=3000 		-ffunction-sections -fdata-sections -std=gnu99 -ggdb3 -Wall -W -Wpointer-arith -Wformat-security -Wcast-align -Wundef -Wcast-align -Wstrict-prototypes -Wmissing-declarations -Wmissing-format-attribute -Wredundant-decls -Wnested-externs -Wunused-parameter -Wwrite-strings -Winline -Wfloat-equal -Wextra -Wdeclaration-after-statement -Winit-self -I/home/aaronfinney/tomato/release/src-rt/router/zlib -DNDEBUG -L/home/aaronfinney/tomato/release/src-rt/router/zlib -ffunction-sections -fdata-sections -Wl,--gc-sections -fPIC conftest.c  >&5
conftest.c:64: warning: function declaration isn't a prototype
conftest.c:74: warning: function declaration isn't a prototype
/tmp/ccAVW2in.o: In function `main':
/home/aaronfinney/tomato/release/src/router/transmission/conftest.c:75: undefined reference to `htonll'
collect2: ld returned 1 exit status
configure:16346: $? = 1
configure: failed program was:
| /* confdefs.h */
| #define PACKAGE_NAME "transmission"
| #define PACKAGE_TARNAME "transmission"
| #define PACKAGE_VERSION "2.81"
| #define PACKAGE_STRING "transmission 2.81"
| #define PACKAGE_BUGREPORT "http://trac.transmissionbt.com/newticket"
| #define PACKAGE_URL ""
| #define PACKAGE "transmission"
| #define VERSION "2.81"
| #define STDC_HEADERS 1
| #define HAVE_SYS_TYPES_H 1
| #define HAVE_SYS_STAT_H 1
| #define HAVE_STDLIB_H 1
| #define HAVE_STRING_H 1
| #define HAVE_MEMORY_H 1
| #define HAVE_STRINGS_H 1
| #define HAVE_INTTYPES_H 1
| #define HAVE_STDINT_H 1
| #define HAVE_UNISTD_H 1
| #define HAVE_DLFCN_H 1
| #define LT_OBJDIR ".libs/"
| #define STDC_HEADERS 1
| #define TIME_WITH_SYS_TIME 1
| #define HAVE_STDBOOL_H 1
| #define HAVE_PREAD 1
| #define HAVE_PWRITE 1
| #define HAVE_STRLCPY 1
| #define HAVE_DAEMON 1
| #define HAVE_DIRNAME 1
| #define HAVE_BASENAME 1
| #define HAVE_STRCASECMP 1
| #define HAVE_LOCALTIME_R 1
| #define HAVE_MEMMEM 1
| #define HAVE_STRSEP 1
| #define HAVE_STRTOLD 1
| #define HAVE_SYSLOG 1
| #define HAVE_VALLOC 1
| #define HAVE_GETPAGESIZE 1
| #define HAVE_STATVFS 1
| /* end confdefs.h.  */
| /* Define htonll to an innocuous variant, in case <limits.h> declares htonll.
|    For example, HP-UX 11i <limits.h> declares gettimeofday.  */
| #define htonll innocuous_htonll
| 
| /* System header to define __stub macros and hopefully few prototypes,
|     which can conflict with char htonll (); below.
|     Prefer <limits.h> to <assert.h> if __STDC__ is defined, since
|     <limits.h> exists even on freestanding compilers.  */
| 
| #ifdef __STDC__
| # include <limits.h>
| #else
| # include <assert.h>
| #endif
| 
| #undef htonll
| 
| /* Override any GCC internal prototype to avoid an error.
|    Use char because int might match the return type of a GCC
|    builtin and then its argument prototype would still apply.  */
| #ifdef __cplusplus
| extern "C"
| #endif
| char htonll ();
| /* The GNU C library defines this for functions which it implements
|     to always fail with ENOSYS.  Some functions are actually named
|     something starting with __ and the normal name is an alias.  */
| #if defined __stub_htonll || defined __stub___htonll
| choke me
| #endif
| 
| int
| main ()
| {
| return htonll ();
|   ;
|   return 0;
| }
configure:16346: result: no
configure:16346: checking for ntohll
configure:16346: mipsel-uclibc-gcc -o conftest -Os -Wall -fno-delete-null-pointer-checks -funit-at-a-time 		--param large-function-growth=800 --param max-inline-insns-single=3000 		-ffunction-sections -fdata-sections -std=gnu99 -ggdb3 -Wall -W -Wpointer-arith -Wformat-security -Wcast-align -Wundef -Wcast-align -Wstrict-prototypes -Wmissing-declarations -Wmissing-format-attribute -Wredundant-decls -Wnested-externs -Wunused-parameter -Wwrite-strings -Winline -Wfloat-equal -Wextra -Wdeclaration-after-statement -Winit-self -I/home/aaronfinney/tomato/release/src-rt/router/zlib -DNDEBUG -L/home/aaronfinney/tomato/release/src-rt/router/zlib -ffunction-sections -fdata-sections -Wl,--gc-sections -fPIC conftest.c  >&5
conftest.c:64: warning: function declaration isn't a prototype
conftest.c:74: warning: function declaration isn't a prototype
/tmp/cc46KH9v.o: In function `main':
/home/aaronfinney/tomato/release/src/router/transmission/conftest.c:75: undefined reference to `ntohll'
collect2: ld returned 1 exit status
configure:16346: $? = 1
configure: failed program was:
| /* confdefs.h */
| #define PACKAGE_NAME "transmission"
| #define PACKAGE_TARNAME "transmission"
| #define PACKAGE_VERSION "2.81"
| #define PACKAGE_STRING "transmission 2.81"
| #define PACKAGE_BUGREPORT "http://trac.transmissionbt.com/newticket"
| #define PACKAGE_URL ""
| #define PACKAGE "transmission"
| #define VERSION "2.81"
| #define STDC_HEADERS 1
| #define HAVE_SYS_TYPES_H 1
| #define HAVE_SYS_STAT_H 1
| #define HAVE_STDLIB_H 1
| #define HAVE_STRING_H 1
| #define HAVE_MEMORY_H 1
| #define HAVE_STRINGS_H 1
| #define HAVE_INTTYPES_H 1
| #define HAVE_STDINT_H 1
| #define HAVE_UNISTD_H 1
| #define HAVE_DLFCN_H 1
| #define LT_OBJDIR ".libs/"
| #define STDC_HEADERS 1
| #define TIME_WITH_SYS_TIME 1
| #define HAVE_STDBOOL_H 1
| #define HAVE_PREAD 1
| #define HAVE_PWRITE 1
| #define HAVE_STRLCPY 1
| #define HAVE_DAEMON 1
| #define HAVE_DIRNAME 1
| #define HAVE_BASENAME 1
| #define HAVE_STRCASECMP 1
| #define HAVE_LOCALTIME_R 1
| #define HAVE_MEMMEM 1
| #define HAVE_STRSEP 1
| #define HAVE_STRTOLD 1
| #define HAVE_SYSLOG 1
| #define HAVE_VALLOC 1
| #define HAVE_GETPAGESIZE 1
| #define HAVE_STATVFS 1
| /* end confdefs.h.  */
| /* Define ntohll to an innocuous variant, in case <limits.h> declares ntohll.
|    For example, HP-UX 11i <limits.h> declares gettimeofday.  */
| #define ntohll innocuous_ntohll
| 
| /* System header to define __stub macros and hopefully few prototypes,
|     which can conflict with char ntohll (); below.
|     Prefer <limits.h> to <assert.h> if __STDC__ is defined, since
|     <limits.h> exists even on freestanding compilers.  */
| 
| #ifdef __STDC__
| # include <limits.h>
| #else
| # include <assert.h>
| #endif
| 
| #undef ntohll
| 
| /* Override any GCC internal prototype to avoid an error.
|    Use char because int might match the return type of a GCC
|    builtin and then its argument prototype would still apply.  */
| #ifdef __cplusplus
| extern "C"
| #endif
| char ntohll ();
| /* The GNU C library defines this for functions which it implements
|     to always fail with ENOSYS.  Some functions are actually named
|     something starting with __ and the normal name is an alias.  */
| #if defined __stub_ntohll || defined __stub___ntohll
| choke me
| #endif
| 
| int
| main ()
| {
| return ntohll ();
|   ;
|   return 0;
| }
configure:16346: result: no
configure:16346: checking for mkdtemp
configure:16346: mipsel-uclibc-gcc -o conftest -Os -Wall -fno-delete-null-pointer-checks -funit-at-a-time 		--param large-function-growth=800 --param max-inline-insns-single=3000 		-ffunction-sections -fdata-sections -std=gnu99 -ggdb3 -Wall -W -Wpointer-arith -Wformat-security -Wcast-align -Wundef -Wcast-align -Wstrict-prototypes -Wmissing-declarations -Wmissing-format-attribute -Wredundant-decls -Wnested-externs -Wunused-parameter -Wwrite-strings -Winline -Wfloat-equal -Wextra -Wdeclaration-after-statement -Winit-self -I/home/aaronfinney/tomato/release/src-rt/router/zlib -DNDEBUG -L/home/aaronfinney/tomato/release/src-rt/router/zlib -ffunction-sections -fdata-sections -Wl,--gc-sections -fPIC conftest.c  >&5
conftest.c:64: warning: function declaration isn't a prototype
conftest.c:74: warning: function declaration isn't a prototype
configure:16346: $? = 0
configure:16346: result: yes
configure:16356: checking whether make sets $(MAKE)
configure:16378: result: yes
configure:16552: checking for the pthreads library -lpthreads
configure:16585: mipsel-uclibc-gcc -o conftest -Os -Wall -fno-delete-null-pointer-checks -funit-at-a-time 		--param large-function-growth=800 --param max-inline-insns-single=3000 		-ffunction-sections -fdata-sections -std=gnu99 -ggdb3 -Wall -W -Wpointer-arith -Wformat-security -Wcast-align -Wundef -Wcast-align -Wstrict-prototypes -Wmissing-declarations -Wmissing-format-attribute -Wredundant-decls -Wnested-externs -Wunused-parameter -Wwrite-strings -Winline -Wfloat-equal -Wextra -Wdeclaration-after-statement -Winit-self  -I/home/aaronfinney/tomato/release/src-rt/router/zlib -DNDEBUG -L/home/aaronfinney/tomato/release/src-rt/router/zlib -ffunction-sections -fdata-sections -Wl,--gc-sections -fPIC conftest.c -lpthreads  >&5
conftest.c:45: warning: function declaration isn't a prototype
conftest.c: In function 'main':
conftest.c:46: warning: 'th' is used uninitialized in this function
/home/aaronfinney/tomato/tools/brcm/K26/hndtools-mipsel-uclibc-4.2.4/bin/../lib/gcc/mipsel-linux-uclibc/4.2.4/../../../../mipsel-linux-uclibc/bin/ld: cannot find -lpthreads
collect2: ld returned 1 exit status
configure:16585: $? = 1
configure: failed program was:
| /* confdefs.h */
| #define PACKAGE_NAME "transmission"
| #define PACKAGE_TARNAME "transmission"
| #define PACKAGE_VERSION "2.81"
| #define PACKAGE_STRING "transmission 2.81"
| #define PACKAGE_BUGREPORT "http://trac.transmissionbt.com/newticket"
| #define PACKAGE_URL ""
| #define PACKAGE "transmission"
| #define VERSION "2.81"
| #define STDC_HEADERS 1
| #define HAVE_SYS_TYPES_H 1
| #define HAVE_SYS_STAT_H 1
| #define HAVE_STDLIB_H 1
| #define HAVE_STRING_H 1
| #define HAVE_MEMORY_H 1
| #define HAVE_STRINGS_H 1
| #define HAVE_INTTYPES_H 1
| #define HAVE_STDINT_H 1
| #define HAVE_UNISTD_H 1
| #define HAVE_DLFCN_H 1
| #define LT_OBJDIR ".libs/"
| #define STDC_HEADERS 1
| #define TIME_WITH_SYS_TIME 1
| #define HAVE_STDBOOL_H 1
| #define HAVE_PREAD 1
| #define HAVE_PWRITE 1
| #define HAVE_STRLCPY 1
| #define HAVE_DAEMON 1
| #define HAVE_DIRNAME 1
| #define HAVE_BASENAME 1
| #define HAVE_STRCASECMP 1
| #define HAVE_LOCALTIME_R 1
| #define HAVE_MEMMEM 1
| #define HAVE_STRSEP 1
| #define HAVE_STRTOLD 1
| #define HAVE_SYSLOG 1
| #define HAVE_VALLOC 1
| #define HAVE_GETPAGESIZE 1
| #define HAVE_STATVFS 1
| #define HAVE_MKDTEMP 1
| /* end confdefs.h.  */
| #include <pthread.h>
| int
| main ()
| {
| pthread_t th; pthread_join(th, 0);
|                      pthread_attr_init(0); pthread_cleanup_push(0, 0);
|                      pthread_create(0,0,0,0); pthread_cleanup_pop(0);
|   ;
|   return 0;
| }
configure:16594: result: no
configure:16497: checking whether pthreads work without any flags
configure:16585: mipsel-uclibc-gcc -o conftest -Os -Wall -fno-delete-null-pointer-checks -funit-at-a-time 		--param large-function-growth=800 --param max-inline-insns-single=3000 		-ffunction-sections -fdata-sections -std=gnu99 -ggdb3 -Wall -W -Wpointer-arith -Wformat-security -Wcast-align -Wundef -Wcast-align -Wstrict-prototypes -Wmissing-declarations -Wmissing-format-attribute -Wredundant-decls -Wnested-externs -Wunused-parameter -Wwrite-strings -Winline -Wfloat-equal -Wextra -Wdeclaration-after-statement -Winit-self  -I/home/aaronfinney/tomato/release/src-rt/router/zlib -DNDEBUG -L/home/aaronfinney/tomato/release/src-rt/router/zlib -ffunction-sections -fdata-sections -Wl,--gc-sections -fPIC conftest.c   >&5
conftest.c:45: warning: function declaration isn't a prototype
conftest.c: In function 'main':
conftest.c:46: warning: 'th' is used uninitialized in this function
/tmp/ccK9iBUQ.o: In function `main':
/home/aaronfinney/tomato/release/src/router/transmission/conftest.c:46: undefined reference to `pthread_join'
/home/aaronfinney/tomato/release/src/router/transmission/conftest.c:48: undefined reference to `pthread_create'
collect2: ld returned 1 exit status
configure:16585: $? = 1
configure: failed program was:
| /* confdefs.h */
| #define PACKAGE_NAME "transmission"
| #define PACKAGE_TARNAME "transmission"
| #define PACKAGE_VERSION "2.81"
| #define PACKAGE_STRING "transmission 2.81"
| #define PACKAGE_BUGREPORT "http://trac.transmissionbt.com/newticket"
| #define PACKAGE_URL ""
| #define PACKAGE "transmission"
| #define VERSION "2.81"
| #define STDC_HEADERS 1
| #define HAVE_SYS_TYPES_H 1
| #define HAVE_SYS_STAT_H 1
| #define HAVE_STDLIB_H 1
| #define HAVE_STRING_H 1
| #define HAVE_MEMORY_H 1
| #define HAVE_STRINGS_H 1
| #define HAVE_INTTYPES_H 1
| #define HAVE_STDINT_H 1
| #define HAVE_UNISTD_H 1
| #define HAVE_DLFCN_H 1
| #define LT_OBJDIR ".libs/"
| #define STDC_HEADERS 1
| #define TIME_WITH_SYS_TIME 1
| #define HAVE_STDBOOL_H 1
| #define HAVE_PREAD 1
| #define HAVE_PWRITE 1
| #define HAVE_STRLCPY 1
| #define HAVE_DAEMON 1
| #define HAVE_DIRNAME 1
| #define HAVE_BASENAME 1
| #define HAVE_STRCASECMP 1
| #define HAVE_LOCALTIME_R 1
| #define HAVE_MEMMEM 1
| #define HAVE_STRSEP 1
| #define HAVE_STRTOLD 1
| #define HAVE_SYSLOG 1
| #define HAVE_VALLOC 1
| #define HAVE_GETPAGESIZE 1
| #define HAVE_STATVFS 1
| #define HAVE_MKDTEMP 1
| /* end confdefs.h.  */
| #include <pthread.h>
| int
| main ()
| {
| pthread_t th; pthread_join(th, 0);
|                      pthread_attr_init(0); pthread_cleanup_push(0, 0);
|                      pthread_create(0,0,0,0); pthread_cleanup_pop(0);
|   ;
|   return 0;
| }
configure:16594: result: no
configure:16502: checking whether pthreads work with -Kthread
configure:16585: mipsel-uclibc-gcc -o conftest -Os -Wall -fno-delete-null-pointer-checks -funit-at-a-time 		--param large-function-growth=800 --param max-inline-insns-single=3000 		-ffunction-sections -fdata-sections -std=gnu99 -ggdb3 -Wall -W -Wpointer-arith -Wformat-security -Wcast-align -Wundef -Wcast-align -Wstrict-prototypes -Wmissing-declarations -Wmissing-format-attribute -Wredundant-decls -Wnested-externs -Wunused-parameter -Wwrite-strings -Winline -Wfloat-equal -Wextra -Wdeclaration-after-statement -Winit-self -Kthread -I/home/aaronfinney/tomato/release/src-rt/router/zlib -DNDEBUG -L/home/aaronfinney/tomato/release/src-rt/router/zlib -ffunction-sections -fdata-sections -Wl,--gc-sections -fPIC conftest.c   >&5
mipsel-uclibc-gcc: unrecognized option '-Kthread'
conftest.c:45: warning: function declaration isn't a prototype
conftest.c: In function 'main':
conftest.c:46: warning: 'th' is used uninitialized in this function
/tmp/ccqUMquV.o: In function `main':
/home/aaronfinney/tomato/release/src/router/transmission/conftest.c:46: undefined reference to `pthread_join'
/home/aaronfinney/tomato/release/src/router/transmission/conftest.c:48: undefined reference to `pthread_create'
collect2: ld returned 1 exit status
configure:16585: $? = 1
configure: failed program was:
| /* confdefs.h */
| #define PACKAGE_NAME "transmission"
| #define PACKAGE_TARNAME "transmission"
| #define PACKAGE_VERSION "2.81"
| #define PACKAGE_STRING "transmission 2.81"
| #define PACKAGE_BUGREPORT "http://trac.transmissionbt.com/newticket"
| #define PACKAGE_URL ""
| #define PACKAGE "transmission"
| #define VERSION "2.81"
| #define STDC_HEADERS 1
| #define HAVE_SYS_TYPES_H 1
| #define HAVE_SYS_STAT_H 1
| #define HAVE_STDLIB_H 1
| #define HAVE_STRING_H 1
| #define HAVE_MEMORY_H 1
| #define HAVE_STRINGS_H 1
| #define HAVE_INTTYPES_H 1
| #define HAVE_STDINT_H 1
| #define HAVE_UNISTD_H 1
| #define HAVE_DLFCN_H 1
| #define LT_OBJDIR ".libs/"
| #define STDC_HEADERS 1
| #define TIME_WITH_SYS_TIME 1
| #define HAVE_STDBOOL_H 1
| #define HAVE_PREAD 1
| #define HAVE_PWRITE 1
| #define HAVE_STRLCPY 1
| #define HAVE_DAEMON 1
| #define HAVE_DIRNAME 1
| #define HAVE_BASENAME 1
| #define HAVE_STRCASECMP 1
| #define HAVE_LOCALTIME_R 1
| #define HAVE_MEMMEM 1
| #define HAVE_STRSEP 1
| #define HAVE_STRTOLD 1
| #define HAVE_SYSLOG 1
| #define HAVE_VALLOC 1
| #define HAVE_GETPAGESIZE 1
| #define HAVE_STATVFS 1
| #define HAVE_MKDTEMP 1
| /* end confdefs.h.  */
| #include <pthread.h>
| int
| main ()
| {
| pthread_t th; pthread_join(th, 0);
|                      pthread_attr_init(0); pthread_cleanup_push(0, 0);
|                      pthread_create(0,0,0,0); pthread_cleanup_pop(0);
|   ;
|   return 0;
| }
configure:16594: result: no
configure:16502: checking whether pthreads work with -kthread
configure:16585: mipsel-uclibc-gcc -o conftest -Os -Wall -fno-delete-null-pointer-checks -funit-at-a-time 		--param large-function-growth=800 --param max-inline-insns-single=3000 		-ffunction-sections -fdata-sections -std=gnu99 -ggdb3 -Wall -W -Wpointer-arith -Wformat-security -Wcast-align -Wundef -Wcast-align -Wstrict-prototypes -Wmissing-declarations -Wmissing-format-attribute -Wredundant-decls -Wnested-externs -Wunused-parameter -Wwrite-strings -Winline -Wfloat-equal -Wextra -Wdeclaration-after-statement -Winit-self -kthread -I/home/aaronfinney/tomato/release/src-rt/router/zlib -DNDEBUG -L/home/aaronfinney/tomato/release/src-rt/router/zlib -ffunction-sections -fdata-sections -Wl,--gc-sections -fPIC conftest.c   >&5
mipsel-uclibc-gcc: unrecognized option '-kthread'
conftest.c:45: warning: function declaration isn't a prototype
conftest.c: In function 'main':
conftest.c:46: warning: 'th' is used uninitialized in this function
/tmp/ccSnXVr2.o: In function `main':
/home/aaronfinney/tomato/release/src/router/transmission/conftest.c:46: undefined reference to `pthread_join'
/home/aaronfinney/tomato/release/src/router/transmission/conftest.c:48: undefined reference to `pthread_create'
collect2: ld returned 1 exit status
configure:16585: $? = 1
configure: failed program was:
| /* confdefs.h */
| #define PACKAGE_NAME "transmission"
| #define PACKAGE_TARNAME "transmission"
| #define PACKAGE_VERSION "2.81"
| #define PACKAGE_STRING "transmission 2.81"
| #define PACKAGE_BUGREPORT "http://trac.transmissionbt.com/newticket"
| #define PACKAGE_URL ""
| #define PACKAGE "transmission"
| #define VERSION "2.81"
| #define STDC_HEADERS 1
| #define HAVE_SYS_TYPES_H 1
| #define HAVE_SYS_STAT_H 1
| #define HAVE_STDLIB_H 1
| #define HAVE_STRING_H 1
| #define HAVE_MEMORY_H 1
| #define HAVE_STRINGS_H 1
| #define HAVE_INTTYPES_H 1
| #define HAVE_STDINT_H 1
| #define HAVE_UNISTD_H 1
| #define HAVE_DLFCN_H 1
| #define LT_OBJDIR ".libs/"
| #define STDC_HEADERS 1
| #define TIME_WITH_SYS_TIME 1
| #define HAVE_STDBOOL_H 1
| #define HAVE_PREAD 1
| #define HAVE_PWRITE 1
| #define HAVE_STRLCPY 1
| #define HAVE_DAEMON 1
| #define HAVE_DIRNAME 1
| #define HAVE_BASENAME 1
| #define HAVE_STRCASECMP 1
| #define HAVE_LOCALTIME_R 1
| #define HAVE_MEMMEM 1
| #define HAVE_STRSEP 1
| #define HAVE_STRTOLD 1
| #define HAVE_SYSLOG 1
| #define HAVE_VALLOC 1
| #define HAVE_GETPAGESIZE 1
| #define HAVE_STATVFS 1
| #define HAVE_MKDTEMP 1
| /* end confdefs.h.  */
| #include <pthread.h>
| int
| main ()
| {
| pthread_t th; pthread_join(th, 0);
|                      pthread_attr_init(0); pthread_cleanup_push(0, 0);
|                      pthread_create(0,0,0,0); pthread_cleanup_pop(0);
|   ;
|   return 0;
| }
configure:16594: result: no
configure:16552: checking for the pthreads library -llthread
configure:16585: mipsel-uclibc-gcc -o conftest -Os -Wall -fno-delete-null-pointer-checks -funit-at-a-time 		--param large-function-growth=800 --param max-inline-insns-single=3000 		-ffunction-sections -fdata-sections -std=gnu99 -ggdb3 -Wall -W -Wpointer-arith -Wformat-security -Wcast-align -Wundef -Wcast-align -Wstrict-prototypes -Wmissing-declarations -Wmissing-format-attribute -Wredundant-decls -Wnested-externs -Wunused-parameter -Wwrite-strings -Winline -Wfloat-equal -Wextra -Wdeclaration-after-statement -Winit-self  -I/home/aaronfinney/tomato/release/src-rt/router/zlib -DNDEBUG -L/home/aaronfinney/tomato/release/src-rt/router/zlib -ffunction-sections -fdata-sections -Wl,--gc-sections -fPIC conftest.c -llthread  >&5
conftest.c:45: warning: function declaration isn't a prototype
conftest.c: In function 'main':
conftest.c:46: warning: 'th' is used uninitialized in this function
/home/aaronfinney/tomato/tools/brcm/K26/hndtools-mipsel-uclibc-4.2.4/bin/../lib/gcc/mipsel-linux-uclibc/4.2.4/../../../../mipsel-linux-uclibc/bin/ld: cannot find -llthread
collect2: ld returned 1 exit status
configure:16585: $? = 1
configure: failed program was:
| /* confdefs.h */
| #define PACKAGE_NAME "transmission"
| #define PACKAGE_TARNAME "transmission"
| #define PACKAGE_VERSION "2.81"
| #define PACKAGE_STRING "transmission 2.81"
| #define PACKAGE_BUGREPORT "http://trac.transmissionbt.com/newticket"
| #define PACKAGE_URL ""
| #define PACKAGE "transmission"
| #define VERSION "2.81"
| #define STDC_HEADERS 1
| #define HAVE_SYS_TYPES_H 1
| #define HAVE_SYS_STAT_H 1
| #define HAVE_STDLIB_H 1
| #define HAVE_STRING_H 1
| #define HAVE_MEMORY_H 1
| #define HAVE_STRINGS_H 1
| #define HAVE_INTTYPES_H 1
| #define HAVE_STDINT_H 1
| #define HAVE_UNISTD_H 1
| #define HAVE_DLFCN_H 1
| #define LT_OBJDIR ".libs/"
| #define STDC_HEADERS 1
| #define TIME_WITH_SYS_TIME 1
| #define HAVE_STDBOOL_H 1
| #define HAVE_PREAD 1
| #define HAVE_PWRITE 1
| #define HAVE_STRLCPY 1
| #define HAVE_DAEMON 1
| #define HAVE_DIRNAME 1
| #define HAVE_BASENAME 1
| #define HAVE_STRCASECMP 1
| #define HAVE_LOCALTIME_R 1
| #define HAVE_MEMMEM 1
| #define HAVE_STRSEP 1
| #define HAVE_STRTOLD 1
| #define HAVE_SYSLOG 1
| #define HAVE_VALLOC 1
| #define HAVE_GETPAGESIZE 1
| #define HAVE_STATVFS 1
| #define HAVE_MKDTEMP 1
| /* end confdefs.h.  */
| #include <pthread.h>
| int
| main ()
| {
| pthread_t th; pthread_join(th, 0);
|                      pthread_attr_init(0); pthread_cleanup_push(0, 0);
|                      pthread_create(0,0,0,0); pthread_cleanup_pop(0);
|   ;
|   return 0;
| }
configure:16594: result: no
configure:16502: checking whether pthreads work with -pthread
configure:16585: mipsel-uclibc-gcc -o conftest -Os -Wall -fno-delete-null-pointer-checks -funit-at-a-time 		--param large-function-growth=800 --param max-inline-insns-single=3000 		-ffunction-sections -fdata-sections -std=gnu99 -ggdb3 -Wall -W -Wpointer-arith -Wformat-security -Wcast-align -Wundef -Wcast-align -Wstrict-prototypes -Wmissing-declarations -Wmissing-format-attribute -Wredundant-decls -Wnested-externs -Wunused-parameter -Wwrite-strings -Winline -Wfloat-equal -Wextra -Wdeclaration-after-statement -Winit-self -pthread -I/home/aaronfinney/tomato/release/src-rt/router/zlib -DNDEBUG -L/home/aaronfinney/tomato/release/src-rt/router/zlib -ffunction-sections -fdata-sections -Wl,--gc-sections -fPIC conftest.c   >&5
conftest.c:45: warning: function declaration isn't a prototype
conftest.c: In function 'main':
conftest.c:46: warning: 'th' is used uninitialized in this function
configure:16585: $? = 0
configure:16594: result: yes
configure:16613: checking for joinable pthread attribute
configure:16628: mipsel-uclibc-gcc -o conftest -Os -Wall -fno-delete-null-pointer-checks -funit-at-a-time 		--param large-function-growth=800 --param max-inline-insns-single=3000 		-ffunction-sections -fdata-sections -std=gnu99 -ggdb3 -Wall -W -Wpointer-arith -Wformat-security -Wcast-align -Wundef -Wcast-align -Wstrict-prototypes -Wmissing-declarations -Wmissing-format-attribute -Wredundant-decls -Wnested-externs -Wunused-parameter -Wwrite-strings -Winline -Wfloat-equal -Wextra -Wdeclaration-after-statement -Winit-self -pthread -I/home/aaronfinney/tomato/release/src-rt/router/zlib -DNDEBUG -L/home/aaronfinney/tomato/release/src-rt/router/zlib -ffunction-sections -fdata-sections -Wl,--gc-sections -fPIC conftest.c   >&5
conftest.c:45: warning: function declaration isn't a prototype
configure:16628: $? = 0
configure:16634: result: PTHREAD_CREATE_JOINABLE
configure:16644: checking if more special flags are required for pthreads
configure:16651: result: no
configure:16738: checking for library containing cos
configure:16769: mipsel-uclibc-gcc -o conftest -Os -Wall -fno-delete-null-pointer-checks -funit-at-a-time 		--param large-function-growth=800 --param max-inline-insns-single=3000 		-ffunction-sections -fdata-sections -std=gnu99 -ggdb3 -Wall -W -Wpointer-arith -Wformat-security -Wcast-align -Wundef -Wcast-align -Wstrict-prototypes -Wmissing-declarations -Wmissing-format-attribute -Wredundant-decls -Wnested-externs -Wunused-parameter -Wwrite-strings -Winline -Wfloat-equal -Wextra -Wdeclaration-after-statement -Winit-self -I/home/aaronfinney/tomato/release/src-rt/router/zlib -DNDEBUG -L/home/aaronfinney/tomato/release/src-rt/router/zlib -ffunction-sections -fdata-sections -Wl,--gc-sections -fPIC conftest.c  >&5
conftest.c:50: warning: function declaration isn't a prototype
conftest.c:50: warning: conflicting types for built-in function 'cos'
conftest.c:53: warning: function declaration isn't a prototype
/tmp/ccdjcIUk.o: In function `main':
/home/aaronfinney/tomato/release/src/router/transmission/conftest.c:54: undefined reference to `cos'
collect2: ld returned 1 exit status
configure:16769: $? = 1
configure: failed program was:
| /* confdefs.h */
| #define PACKAGE_NAME "transmission"
| #define PACKAGE_TARNAME "transmission"
| #define PACKAGE_VERSION "2.81"
| #define PACKAGE_STRING "transmission 2.81"
| #define PACKAGE_BUGREPORT "http://trac.transmissionbt.com/newticket"
| #define PACKAGE_URL ""
| #define PACKAGE "transmission"
| #define VERSION "2.81"
| #define STDC_HEADERS 1
| #define HAVE_SYS_TYPES_H 1
| #define HAVE_SYS_STAT_H 1
| #define HAVE_STDLIB_H 1
| #define HAVE_STRING_H 1
| #define HAVE_MEMORY_H 1
| #define HAVE_STRINGS_H 1
| #define HAVE_INTTYPES_H 1
| #define HAVE_STDINT_H 1
| #define HAVE_UNISTD_H 1
| #define HAVE_DLFCN_H 1
| #define LT_OBJDIR ".libs/"
| #define STDC_HEADERS 1
| #define TIME_WITH_SYS_TIME 1
| #define HAVE_STDBOOL_H 1
| #define HAVE_PREAD 1
| #define HAVE_PWRITE 1
| #define HAVE_STRLCPY 1
| #define HAVE_DAEMON 1
| #define HAVE_DIRNAME 1
| #define HAVE_BASENAME 1
| #define HAVE_STRCASECMP 1
| #define HAVE_LOCALTIME_R 1
| #define HAVE_MEMMEM 1
| #define HAVE_STRSEP 1
| #define HAVE_STRTOLD 1
| #define HAVE_SYSLOG 1
| #define HAVE_VALLOC 1
| #define HAVE_GETPAGESIZE 1
| #define HAVE_STATVFS 1
| #define HAVE_MKDTEMP 1
| #define HAVE_PTHREAD 1
| /* end confdefs.h.  */
| 
| /* Override any GCC internal prototype to avoid an error.
|    Use char because int might match the return type of a GCC
|    builtin and then its argument prototype would still apply.  */
| #ifdef __cplusplus
| extern "C"
| #endif
| char cos ();
| int
| main ()
| {
| return cos ();
|   ;
|   return 0;
| }
configure:16769: mipsel-uclibc-gcc -o conftest -Os -Wall -fno-delete-null-pointer-checks -funit-at-a-time 		--param large-function-growth=800 --param max-inline-insns-single=3000 		-ffunction-sections -fdata-sections -std=gnu99 -ggdb3 -Wall -W -Wpointer-arith -Wformat-security -Wcast-align -Wundef -Wcast-align -Wstrict-prototypes -Wmissing-declarations -Wmissing-format-attribute -Wredundant-decls -Wnested-externs -Wunused-parameter -Wwrite-strings -Winline -Wfloat-equal -Wextra -Wdeclaration-after-statement -Winit-self -I/home/aaronfinney/tomato/release/src-rt/router/zlib -DNDEBUG -L/home/aaronfinney/tomato/release/src-rt/router/zlib -ffunction-sections -fdata-sections -Wl,--gc-sections -fPIC conftest.c -lm   >&5
conftest.c:50: warning: function declaration isn't a prototype
conftest.c:50: warning: conflicting types for built-in function 'cos'
conftest.c:53: warning: function declaration isn't a prototype
configure:16769: $? = 0
configure:16786: result: -lm
configure:16794: checking for library containing socket
configure:16825: mipsel-uclibc-gcc -o conftest -Os -Wall -fno-delete-null-pointer-checks -funit-at-a-time 		--param large-function-growth=800 --param max-inline-insns-single=3000 		-ffunction-sections -fdata-sections -std=gnu99 -ggdb3 -Wall -W -Wpointer-arith -Wformat-security -Wcast-align -Wundef -Wcast-align -Wstrict-prototypes -Wmissing-declarations -Wmissing-format-attribute -Wredundant-decls -Wnested-externs -Wunused-parameter -Wwrite-strings -Winline -Wfloat-equal -Wextra -Wdeclaration-after-statement -Winit-self -I/home/aaronfinney/tomato/release/src-rt/router/zlib -DNDEBUG -L/home/aaronfinney/tomato/release/src-rt/router/zlib -ffunction-sections -fdata-sections -Wl,--gc-sections -fPIC conftest.c -lm  >&5
conftest.c:50: warning: function declaration isn't a prototype
conftest.c:53: warning: function declaration isn't a prototype
configure:16825: $? = 0
configure:16842: result: none required
configure:16850: checking for library containing gethostbyname
configure:16881: mipsel-uclibc-gcc -o conftest -Os -Wall -fno-delete-null-pointer-checks -funit-at-a-time 		--param large-function-growth=800 --param max-inline-insns-single=3000 		-ffunction-sections -fdata-sections -std=gnu99 -ggdb3 -Wall -W -Wpointer-arith -Wformat-security -Wcast-align -Wundef -Wcast-align -Wstrict-prototypes -Wmissing-declarations -Wmissing-format-attribute -Wredundant-decls -Wnested-externs -Wunused-parameter -Wwrite-strings -Winline -Wfloat-equal -Wextra -Wdeclaration-after-statement -Winit-self -I/home/aaronfinney/tomato/release/src-rt/router/zlib -DNDEBUG -L/home/aaronfinney/tomato/release/src-rt/router/zlib -ffunction-sections -fdata-sections -Wl,--gc-sections -fPIC conftest.c -lm  >&5
conftest.c:50: warning: function declaration isn't a prototype
conftest.c:53: warning: function declaration isn't a prototype
configure:16881: $? = 0
configure:16898: result: none required
configure:16912: checking for mipsel-linux-pkg-config
configure:16945: result: no
configure:16955: checking for pkg-config
configure:16973: found /usr/bin/pkg-config
configure:16985: result: /usr/bin/pkg-config
configure:16997: WARNING: using cross tools not prefixed with host triplet
configure:17010: checking pkg-config is at least version 0.9.0
configure:17013: result: yes
configure:17024: checking for OPENSSL
configure:17137: result: yes
configure:17143: checking for LIBCURL
configure:17227: result: yes
configure:17233: checking for LIBEVENT
configure:17317: result: yes
configure:17357: checking for /tmp/dummy1_zlib.h
configure:17357: mipsel-uclibc-gcc -c -Os -Wall -fno-delete-null-pointer-checks -funit-at-a-time 		--param large-function-growth=800 --param max-inline-insns-single=3000 		-ffunction-sections -fdata-sections -std=gnu99 -ggdb3 -Wall -W -Wpointer-arith -Wformat-security -Wcast-align -Wundef -Wcast-align -Wstrict-prototypes -Wmissing-declarations -Wmissing-format-attribute -Wredundant-decls -Wnested-externs -Wunused-parameter -Wwrite-strings -Winline -Wfloat-equal -Wextra -Wdeclaration-after-statement -Winit-self  -I/home/aaronfinney/tomato/release/src-rt/router/zlib -DNDEBUG conftest.c >&5
In file included from /home/aaronfinney/tomato/release/src-rt/router/zlib/zlib.h:34,
                 from conftest.c:43:
/home/aaronfinney/tomato/release/src-rt/router/zlib/zconf.h:373:6: warning: "_LARGEFILE64_SOURCE" is not defined
In file included from conftest.c:43:
/home/aaronfinney/tomato/release/src-rt/router/zlib/zlib.h:1574:32: warning: "_FILE_OFFSET_BITS" is not defined
configure:17357: $? = 0
configure:17357: result: yes
configure:17372: checking for library containing gzopen
configure:17403: mipsel-uclibc-gcc -o conftest -Os -Wall -fno-delete-null-pointer-checks -funit-at-a-time 		--param large-function-growth=800 --param max-inline-insns-single=3000 		-ffunction-sections -fdata-sections -std=gnu99 -ggdb3 -Wall -W -Wpointer-arith -Wformat-security -Wcast-align -Wundef -Wcast-align -Wstrict-prototypes -Wmissing-declarations -Wmissing-format-attribute -Wredundant-decls -Wnested-externs -Wunused-parameter -Wwrite-strings -Winline -Wfloat-equal -Wextra -Wdeclaration-after-statement -Winit-self  -I/home/aaronfinney/tomato/release/src-rt/router/zlib -DNDEBUG -L/home/aaronfinney/tomato/release/src-rt/router/zlib -ffunction-sections -fdata-sections -Wl,--gc-sections -fPIC  conftest.c -lm  >&5
conftest.c:51: warning: function declaration isn't a prototype
conftest.c:54: warning: function declaration isn't a prototype
/tmp/ccroQFSO.o: In function `main':
/home/aaronfinney/tomato/release/src/router/transmission/conftest.c:55: undefined reference to `gzopen'
collect2: ld returned 1 exit status
configure:17403: $? = 1
configure: failed program was:
| /* confdefs.h */
| #define PACKAGE_NAME "transmission"
| #define PACKAGE_TARNAME "transmission"
| #define PACKAGE_VERSION "2.81"
| #define PACKAGE_STRING "transmission 2.81"
| #define PACKAGE_BUGREPORT "http://trac.transmissionbt.com/newticket"
| #define PACKAGE_URL ""
| #define PACKAGE "transmission"
| #define VERSION "2.81"
| #define STDC_HEADERS 1
| #define HAVE_SYS_TYPES_H 1
| #define HAVE_SYS_STAT_H 1
| #define HAVE_STDLIB_H 1
| #define HAVE_STRING_H 1
| #define HAVE_MEMORY_H 1
| #define HAVE_STRINGS_H 1
| #define HAVE_INTTYPES_H 1
| #define HAVE_STDINT_H 1
| #define HAVE_UNISTD_H 1
| #define HAVE_DLFCN_H 1
| #define LT_OBJDIR ".libs/"
| #define STDC_HEADERS 1
| #define TIME_WITH_SYS_TIME 1
| #define HAVE_STDBOOL_H 1
| #define HAVE_PREAD 1
| #define HAVE_PWRITE 1
| #define HAVE_STRLCPY 1
| #define HAVE_DAEMON 1
| #define HAVE_DIRNAME 1
| #define HAVE_BASENAME 1
| #define HAVE_STRCASECMP 1
| #define HAVE_LOCALTIME_R 1
| #define HAVE_MEMMEM 1
| #define HAVE_STRSEP 1
| #define HAVE_STRTOLD 1
| #define HAVE_SYSLOG 1
| #define HAVE_VALLOC 1
| #define HAVE_GETPAGESIZE 1
| #define HAVE_STATVFS 1
| #define HAVE_MKDTEMP 1
| #define HAVE_PTHREAD 1
| #define HAVE__TMP_DUMMY1_ZLIB_H 1
| /* end confdefs.h.  */
| 
| /* Override any GCC internal prototype to avoid an error.
|    Use char because int might match the return type of a GCC
|    builtin and then its argument prototype would still apply.  */
| #ifdef __cplusplus
| extern "C"
| #endif
| char gzopen ();
| int
| main ()
| {
| return gzopen ();
|   ;
|   return 0;
| }
configure:17403: mipsel-uclibc-gcc -o conftest -Os -Wall -fno-delete-null-pointer-checks -funit-at-a-time 		--param large-function-growth=800 --param max-inline-insns-single=3000 		-ffunction-sections -fdata-sections -std=gnu99 -ggdb3 -Wall -W -Wpointer-arith -Wformat-security -Wcast-align -Wundef -Wcast-align -Wstrict-prototypes -Wmissing-declarations -Wmissing-format-attribute -Wredundant-decls -Wnested-externs -Wunused-parameter -Wwrite-strings -Winline -Wfloat-equal -Wextra -Wdeclaration-after-statement -Winit-self  -I/home/aaronfinney/tomato/release/src-rt/router/zlib -DNDEBUG -L/home/aaronfinney/tomato/release/src-rt/router/zlib -ffunction-sections -fdata-sections -Wl,--gc-sections -fPIC  conftest.c -lz  -lm  >&5
conftest.c:51: warning: function declaration isn't a prototype
conftest.c:54: warning: function declaration isn't a prototype
configure:17403: $? = 0
configure:17420: result: -lz
configure:17557: checking for special C compiler options needed for large files
configure:17602: result: no
configure:17608: checking for _FILE_OFFSET_BITS value needed for large files
configure:17633: mipsel-uclibc-gcc -c -Os -Wall -fno-delete-null-pointer-checks -funit-at-a-time 		--param large-function-growth=800 --param max-inline-insns-single=3000 		-ffunction-sections -fdata-sections -std=gnu99 -ggdb3 -Wall -W -Wpointer-arith -Wformat-security -Wcast-align -Wundef -Wcast-align -Wstrict-prototypes -Wmissing-declarations -Wmissing-format-attribute -Wredundant-decls -Wnested-externs -Wunused-parameter -Wwrite-strings -Winline -Wfloat-equal -Wextra -Wdeclaration-after-statement -Winit-self -I/home/aaronfinney/tomato/release/src-rt/router/zlib -DNDEBUG conftest.c >&5
conftest.c:51: warning: left shift count >= width of type
conftest.c:51: warning: left shift count >= width of type
conftest.c:53: error: size of array 'off_t_is_large' is negative
conftest.c:56: warning: function declaration isn't a prototype
configure:17633: $? = 1
configure: failed program was:
| /* confdefs.h */
| #define PACKAGE_NAME "transmission"
| #define PACKAGE_TARNAME "transmission"
| #define PACKAGE_VERSION "2.81"
| #define PACKAGE_STRING "transmission 2.81"
| #define PACKAGE_BUGREPORT "http://trac.transmissionbt.com/newticket"
| #define PACKAGE_URL ""
| #define PACKAGE "transmission"
| #define VERSION "2.81"
| #define STDC_HEADERS 1
| #define HAVE_SYS_TYPES_H 1
| #define HAVE_SYS_STAT_H 1
| #define HAVE_STDLIB_H 1
| #define HAVE_STRING_H 1
| #define HAVE_MEMORY_H 1
| #define HAVE_STRINGS_H 1
| #define HAVE_INTTYPES_H 1
| #define HAVE_STDINT_H 1
| #define HAVE_UNISTD_H 1
| #define HAVE_DLFCN_H 1
| #define LT_OBJDIR ".libs/"
| #define STDC_HEADERS 1
| #define TIME_WITH_SYS_TIME 1
| #define HAVE_STDBOOL_H 1
| #define HAVE_PREAD 1
| #define HAVE_PWRITE 1
| #define HAVE_STRLCPY 1
| #define HAVE_DAEMON 1
| #define HAVE_DIRNAME 1
| #define HAVE_BASENAME 1
| #define HAVE_STRCASECMP 1
| #define HAVE_LOCALTIME_R 1
| #define HAVE_MEMMEM 1
| #define HAVE_STRSEP 1
| #define HAVE_STRTOLD 1
| #define HAVE_SYSLOG 1
| #define HAVE_VALLOC 1
| #define HAVE_GETPAGESIZE 1
| #define HAVE_STATVFS 1
| #define HAVE_MKDTEMP 1
| #define HAVE_PTHREAD 1
| #define HAVE__TMP_DUMMY1_ZLIB_H 1
| #define HAVE_ZLIB 1
| /* end confdefs.h.  */
| #include <sys/types.h>
|  /* Check that off_t can represent 2**63 - 1 correctly.
|     We can't simply define LARGE_OFF_T to be 9223372036854775807,
|     since some C++ compilers masquerading as C compilers
|     incorrectly reject 9223372036854775807.  */
| #define LARGE_OFF_T (((off_t) 1 << 62) - 1 + ((off_t) 1 << 62))
|   int off_t_is_large[(LARGE_OFF_T % 2147483629 == 721
| 		       && LARGE_OFF_T % 2147483647 == 1)
| 		      ? 1 : -1];
| int
| main ()
| {
| 
|   ;
|   return 0;
| }
configure:17657: mipsel-uclibc-gcc -c -Os -Wall -fno-delete-null-pointer-checks -funit-at-a-time 		--param large-function-growth=800 --param max-inline-insns-single=3000 		-ffunction-sections -fdata-sections -std=gnu99 -ggdb3 -Wall -W -Wpointer-arith -Wformat-security -Wcast-align -Wundef -Wcast-align -Wstrict-prototypes -Wmissing-declarations -Wmissing-format-attribute -Wredundant-decls -Wnested-externs -Wunused-parameter -Wwrite-strings -Winline -Wfloat-equal -Wextra -Wdeclaration-after-statement -Winit-self -I/home/aaronfinney/tomato/release/src-rt/router/zlib -DNDEBUG conftest.c >&5
conftest.c:57: warning: function declaration isn't a prototype
configure:17657: $? = 0
configure:17665: result: 64
configure:17752: checking for lseek64
configure:17752: mipsel-uclibc-gcc -o conftest -Os -Wall -fno-delete-null-pointer-checks -funit-at-a-time 		--param large-function-growth=800 --param max-inline-insns-single=3000 		-ffunction-sections -fdata-sections -std=gnu99 -ggdb3 -Wall -W -Wpointer-arith -Wformat-security -Wcast-align -Wundef -Wcast-align -Wstrict-prototypes -Wmissing-declarations -Wmissing-format-attribute -Wredundant-decls -Wnested-externs -Wunused-parameter -Wwrite-strings -Winline -Wfloat-equal -Wextra -Wdeclaration-after-statement -Winit-self -I/home/aaronfinney/tomato/release/src-rt/router/zlib -DNDEBUG -L/home/aaronfinney/tomato/release/src-rt/router/zlib -ffunction-sections -fdata-sections -Wl,--gc-sections -fPIC conftest.c -lm  >&5
conftest.c:69: warning: function declaration isn't a prototype
conftest.c:79: warning: function declaration isn't a prototype
configure:17752: $? = 0
configure:17752: result: yes
configure:17764: checking for library containing getmntent
configure:17795: mipsel-uclibc-gcc -o conftest -Os -Wall -fno-delete-null-pointer-checks -funit-at-a-time 		--param large-function-growth=800 --param max-inline-insns-single=3000 		-ffunction-sections -fdata-sections -std=gnu99 -ggdb3 -Wall -W -Wpointer-arith -Wformat-security -Wcast-align -Wundef -Wcast-align -Wstrict-prototypes -Wmissing-declarations -Wmissing-format-attribute -Wredundant-decls -Wnested-externs -Wunused-parameter -Wwrite-strings -Winline -Wfloat-equal -Wextra -Wdeclaration-after-statement -Winit-self -I/home/aaronfinney/tomato/release/src-rt/router/zlib -DNDEBUG -L/home/aaronfinney/tomato/release/src-rt/router/zlib -ffunction-sections -fdata-sections -Wl,--gc-sections -fPIC conftest.c -lm  >&5
conftest.c:54: warning: function declaration isn't a prototype
conftest.c:57: warning: function declaration isn't a prototype
configure:17795: $? = 0
configure:17812: result: none required
configure:17828: checking whether posix_fadvise is declared
configure:17828: mipsel-uclibc-gcc -c -Os -Wall -fno-delete-null-pointer-checks -funit-at-a-time 		--param large-function-growth=800 --param max-inline-insns-single=3000 		-ffunction-sections -fdata-sections -std=gnu99 -ggdb3 -Wall -W -Wpointer-arith -Wformat-security -Wcast-align -Wundef -Wcast-align -Wstrict-prototypes -Wmissing-declarations -Wmissing-format-attribute -Wredundant-decls -Wnested-externs -Wunused-parameter -Wwrite-strings -Winline -Wfloat-equal -Wextra -Wdeclaration-after-statement -Winit-self -I/home/aaronfinney/tomato/release/src-rt/router/zlib -DNDEBUG conftest.c >&5
conftest.c:54: warning: function declaration isn't a prototype
conftest.c: In function 'main':
conftest.c:59: error: 'posix_fadvise' undeclared (first use in this function)
conftest.c:59: error: (Each undeclared identifier is reported only once
conftest.c:59: error: for each function it appears in.)
configure:17828: $? = 1
configure: failed program was:
| /* confdefs.h */
| #define PACKAGE_NAME "transmission"
| #define PACKAGE_TARNAME "transmission"
| #define PACKAGE_VERSION "2.81"
| #define PACKAGE_STRING "transmission 2.81"
| #define PACKAGE_BUGREPORT "http://trac.transmissionbt.com/newticket"
| #define PACKAGE_URL ""
| #define PACKAGE "transmission"
| #define VERSION "2.81"
| #define STDC_HEADERS 1
| #define HAVE_SYS_TYPES_H 1
| #define HAVE_SYS_STAT_H 1
| #define HAVE_STDLIB_H 1
| #define HAVE_STRING_H 1
| #define HAVE_MEMORY_H 1
| #define HAVE_STRINGS_H 1
| #define HAVE_INTTYPES_H 1
| #define HAVE_STDINT_H 1
| #define HAVE_UNISTD_H 1
| #define HAVE_DLFCN_H 1
| #define LT_OBJDIR ".libs/"
| #define STDC_HEADERS 1
| #define TIME_WITH_SYS_TIME 1
| #define HAVE_STDBOOL_H 1
| #define HAVE_PREAD 1
| #define HAVE_PWRITE 1
| #define HAVE_STRLCPY 1
| #define HAVE_DAEMON 1
| #define HAVE_DIRNAME 1
| #define HAVE_BASENAME 1
| #define HAVE_STRCASECMP 1
| #define HAVE_LOCALTIME_R 1
| #define HAVE_MEMMEM 1
| #define HAVE_STRSEP 1
| #define HAVE_STRTOLD 1
| #define HAVE_SYSLOG 1
| #define HAVE_VALLOC 1
| #define HAVE_GETPAGESIZE 1
| #define HAVE_STATVFS 1
| #define HAVE_MKDTEMP 1
| #define HAVE_PTHREAD 1
| #define HAVE__TMP_DUMMY1_ZLIB_H 1
| #define HAVE_ZLIB 1
| #define _FILE_OFFSET_BITS 64
| #define HAVE_LSEEK64 1
| #define HAVE_GETMNTENT 1
| /* end confdefs.h.  */
| 
| #define _XOPEN_SOURCE 600
| #include <fcntl.h>
| 
| int
| main ()
| {
| #ifndef posix_fadvise
| #ifdef __cplusplus
|   (void) posix_fadvise;
| #else
|   (void) posix_fadvise;
| #endif
| #endif
| 
|   ;
|   return 0;
| }
configure:17828: result: no
configure:17844: checking for posix_fadvise
configure:17844: mipsel-uclibc-gcc -o conftest -Os -Wall -fno-delete-null-pointer-checks -funit-at-a-time 		--param large-function-growth=800 --param max-inline-insns-single=3000 		-ffunction-sections -fdata-sections -std=gnu99 -ggdb3 -Wall -W -Wpointer-arith -Wformat-security -Wcast-align -Wundef -Wcast-align -Wstrict-prototypes -Wmissing-declarations -Wmissing-format-attribute -Wredundant-decls -Wnested-externs -Wunused-parameter -Wwrite-strings -Winline -Wfloat-equal -Wextra -Wdeclaration-after-statement -Winit-self -I/home/aaronfinney/tomato/release/src-rt/router/zlib -DNDEBUG -L/home/aaronfinney/tomato/release/src-rt/router/zlib -ffunction-sections -fdata-sections -Wl,--gc-sections -fPIC conftest.c -lm  >&5
conftest.c:72: warning: function declaration isn't a prototype
conftest.c:82: warning: function declaration isn't a prototype
configure:17844: $? = 0
configure:17844: result: yes
configure:17856: checking sys/inotify.h usability
configure:17856: mipsel-uclibc-gcc -c -Os -Wall -fno-delete-null-pointer-checks -funit-at-a-time 		--param large-function-growth=800 --param max-inline-insns-single=3000 		-ffunction-sections -fdata-sections -std=gnu99 -ggdb3 -Wall -W -Wpointer-arith -Wformat-security -Wcast-align -Wundef -Wcast-align -Wstrict-prototypes -Wmissing-declarations -Wmissing-format-attribute -Wredundant-decls -Wnested-externs -Wunused-parameter -Wwrite-strings -Winline -Wfloat-equal -Wextra -Wdeclaration-after-statement -Winit-self -I/home/aaronfinney/tomato/release/src-rt/router/zlib -DNDEBUG conftest.c >&5
configure:17856: $? = 0
configure:17856: result: yes
configure:17856: checking sys/inotify.h presence
configure:17856: mipsel-uclibc-gcc -E -I/home/aaronfinney/tomato/release/src-rt/router/zlib -DNDEBUG conftest.c
configure:17856: $? = 0
configure:17856: result: yes
configure:17856: checking for sys/inotify.h
configure:17856: result: yes
configure:17858: checking for inotify_init
configure:17858: mipsel-uclibc-gcc -o conftest -Os -Wall -fno-delete-null-pointer-checks -funit-at-a-time 		--param large-function-growth=800 --param max-inline-insns-single=3000 		-ffunction-sections -fdata-sections -std=gnu99 -ggdb3 -Wall -W -Wpointer-arith -Wformat-security -Wcast-align -Wundef -Wcast-align -Wstrict-prototypes -Wmissing-declarations -Wmissing-format-attribute -Wredundant-decls -Wnested-externs -Wunused-parameter -Wwrite-strings -Winline -Wfloat-equal -Wextra -Wdeclaration-after-statement -Winit-self -I/home/aaronfinney/tomato/release/src-rt/router/zlib -DNDEBUG -L/home/aaronfinney/tomato/release/src-rt/router/zlib -ffunction-sections -fdata-sections -Wl,--gc-sections -fPIC conftest.c -lm  >&5
conftest.c:73: warning: function declaration isn't a prototype
conftest.c:83: warning: function declaration isn't a prototype
configure:17858: $? = 0
configure:17858: result: yes
configure:17887: checking sys/event.h usability
configure:17887: mipsel-uclibc-gcc -c -Os -Wall -fno-delete-null-pointer-checks -funit-at-a-time 		--param large-function-growth=800 --param max-inline-insns-single=3000 		-ffunction-sections -fdata-sections -std=gnu99 -ggdb3 -Wall -W -Wpointer-arith -Wformat-security -Wcast-align -Wundef -Wcast-align -Wstrict-prototypes -Wmissing-declarations -Wmissing-format-attribute -Wredundant-decls -Wnested-externs -Wunused-parameter -Wwrite-strings -Winline -Wfloat-equal -Wextra -Wdeclaration-after-statement -Winit-self -I/home/aaronfinney/tomato/release/src-rt/router/zlib -DNDEBUG conftest.c >&5
conftest.c:84:23: error: sys/event.h: No such file or directory
configure:17887: $? = 1
configure: failed program was:
| /* confdefs.h */
| #define PACKAGE_NAME "transmission"
| #define PACKAGE_TARNAME "transmission"
| #define PACKAGE_VERSION "2.81"
| #define PACKAGE_STRING "transmission 2.81"
| #define PACKAGE_BUGREPORT "http://trac.transmissionbt.com/newticket"
| #define PACKAGE_URL ""
| #define PACKAGE "transmission"
| #define VERSION "2.81"
| #define STDC_HEADERS 1
| #define HAVE_SYS_TYPES_H 1
| #define HAVE_SYS_STAT_H 1
| #define HAVE_STDLIB_H 1
| #define HAVE_STRING_H 1
| #define HAVE_MEMORY_H 1
| #define HAVE_STRINGS_H 1
| #define HAVE_INTTYPES_H 1
| #define HAVE_STDINT_H 1
| #define HAVE_UNISTD_H 1
| #define HAVE_DLFCN_H 1
| #define LT_OBJDIR ".libs/"
| #define STDC_HEADERS 1
| #define TIME_WITH_SYS_TIME 1
| #define HAVE_STDBOOL_H 1
| #define HAVE_PREAD 1
| #define HAVE_PWRITE 1
| #define HAVE_STRLCPY 1
| #define HAVE_DAEMON 1
| #define HAVE_DIRNAME 1
| #define HAVE_BASENAME 1
| #define HAVE_STRCASECMP 1
| #define HAVE_LOCALTIME_R 1
| #define HAVE_MEMMEM 1
| #define HAVE_STRSEP 1
| #define HAVE_STRTOLD 1
| #define HAVE_SYSLOG 1
| #define HAVE_VALLOC 1
| #define HAVE_GETPAGESIZE 1
| #define HAVE_STATVFS 1
| #define HAVE_MKDTEMP 1
| #define HAVE_PTHREAD 1
| #define HAVE__TMP_DUMMY1_ZLIB_H 1
| #define HAVE_ZLIB 1
| #define _FILE_OFFSET_BITS 64
| #define HAVE_LSEEK64 1
| #define HAVE_GETMNTENT 1
| #define HAVE_DECL_POSIX_FADVISE 0
| #define HAVE_POSIX_FADVISE 1
| #define WITH_INOTIFY 1
| /* end confdefs.h.  */
| #include <stdio.h>
| #ifdef HAVE_SYS_TYPES_H
| # include <sys/types.h>
| #endif
| #ifdef HAVE_SYS_STAT_H
| # include <sys/stat.h>
| #endif
| #ifdef STDC_HEADERS
| # include <stdlib.h>
| # include <stddef.h>
| #else
| # ifdef HAVE_STDLIB_H
| #  include <stdlib.h>
| # endif
| #endif
| #ifdef HAVE_STRING_H
| # if !defined STDC_HEADERS && defined HAVE_MEMORY_H
| #  include <memory.h>
| # endif
| # include <string.h>
| #endif
| #ifdef HAVE_STRINGS_H
| # include <strings.h>
| #endif
| #ifdef HAVE_INTTYPES_H
| # include <inttypes.h>
| #endif
| #ifdef HAVE_STDINT_H
| # include <stdint.h>
| #endif
| #ifdef HAVE_UNISTD_H
| # include <unistd.h>
| #endif
| #include <sys/event.h>
configure:17887: result: no
configure:17887: checking sys/event.h presence
configure:17887: mipsel-uclibc-gcc -E -I/home/aaronfinney/tomato/release/src-rt/router/zlib -DNDEBUG conftest.c
conftest.c:51:23: error: sys/event.h: No such file or directory
configure:17887: $? = 1
configure: failed program was:
| /* confdefs.h */
| #define PACKAGE_NAME "transmission"
| #define PACKAGE_TARNAME "transmission"
| #define PACKAGE_VERSION "2.81"
| #define PACKAGE_STRING "transmission 2.81"
| #define PACKAGE_BUGREPORT "http://trac.transmissionbt.com/newticket"
| #define PACKAGE_URL ""
| #define PACKAGE "transmission"
| #define VERSION "2.81"
| #define STDC_HEADERS 1
| #define HAVE_SYS_TYPES_H 1
| #define HAVE_SYS_STAT_H 1
| #define HAVE_STDLIB_H 1
| #define HAVE_STRING_H 1
| #define HAVE_MEMORY_H 1
| #define HAVE_STRINGS_H 1
| #define HAVE_INTTYPES_H 1
| #define HAVE_STDINT_H 1
| #define HAVE_UNISTD_H 1
| #define HAVE_DLFCN_H 1
| #define LT_OBJDIR ".libs/"
| #define STDC_HEADERS 1
| #define TIME_WITH_SYS_TIME 1
| #define HAVE_STDBOOL_H 1
| #define HAVE_PREAD 1
| #define HAVE_PWRITE 1
| #define HAVE_STRLCPY 1
| #define HAVE_DAEMON 1
| #define HAVE_DIRNAME 1
| #define HAVE_BASENAME 1
| #define HAVE_STRCASECMP 1
| #define HAVE_LOCALTIME_R 1
| #define HAVE_MEMMEM 1
| #define HAVE_STRSEP 1
| #define HAVE_STRTOLD 1
| #define HAVE_SYSLOG 1
| #define HAVE_VALLOC 1
| #define HAVE_GETPAGESIZE 1
| #define HAVE_STATVFS 1
| #define HAVE_MKDTEMP 1
| #define HAVE_PTHREAD 1
| #define HAVE__TMP_DUMMY1_ZLIB_H 1
| #define HAVE_ZLIB 1
| #define _FILE_OFFSET_BITS 64
| #define HAVE_LSEEK64 1
| #define HAVE_GETMNTENT 1
| #define HAVE_DECL_POSIX_FADVISE 0
| #define HAVE_POSIX_FADVISE 1
| #define WITH_INOTIFY 1
| /* end confdefs.h.  */
| #include <sys/event.h>
configure:17887: result: no
configure:17887: checking for sys/event.h
configure:17887: result: no
configure:17922: checking sys/statvfs.h usability
configure:17922: mipsel-uclibc-gcc -c -Os -Wall -fno-delete-null-pointer-checks -funit-at-a-time 		--param large-function-growth=800 --param max-inline-insns-single=3000 		-ffunction-sections -fdata-sections -std=gnu99 -ggdb3 -Wall -W -Wpointer-arith -Wformat-security -Wcast-align -Wundef -Wcast-align -Wstrict-prototypes -Wmissing-declarations -Wmissing-format-attribute -Wredundant-decls -Wnested-externs -Wunused-parameter -Wwrite-strings -Winline -Wfloat-equal -Wextra -Wdeclaration-after-statement -Winit-self -I/home/aaronfinney/tomato/release/src-rt/router/zlib -DNDEBUG conftest.c >&5
configure:17922: $? = 0
configure:17922: result: yes
configure:17922: checking sys/statvfs.h presence
configure:17922: mipsel-uclibc-gcc -E -I/home/aaronfinney/tomato/release/src-rt/router/zlib -DNDEBUG conftest.c
configure:17922: $? = 0
configure:17922: result: yes
configure:17922: checking for sys/statvfs.h
configure:17922: result: yes
configure:17922: checking xfs/xfs.h usability
configure:17922: mipsel-uclibc-gcc -c -Os -Wall -fno-delete-null-pointer-checks -funit-at-a-time 		--param large-function-growth=800 --param max-inline-insns-single=3000 		-ffunction-sections -fdata-sections -std=gnu99 -ggdb3 -Wall -W -Wpointer-arith -Wformat-security -Wcast-align -Wundef -Wcast-align -Wstrict-prototypes -Wmissing-declarations -Wmissing-format-attribute -Wredundant-decls -Wnested-externs -Wunused-parameter -Wwrite-strings -Winline -Wfloat-equal -Wextra -Wdeclaration-after-statement -Winit-self -I/home/aaronfinney/tomato/release/src-rt/router/zlib -DNDEBUG conftest.c >&5
conftest.c:85:21: error: xfs/xfs.h: No such file or directory
configure:17922: $? = 1
configure: failed program was:
| /* confdefs.h */
| #define PACKAGE_NAME "transmission"
| #define PACKAGE_TARNAME "transmission"
| #define PACKAGE_VERSION "2.81"
| #define PACKAGE_STRING "transmission 2.81"
| #define PACKAGE_BUGREPORT "http://trac.transmissionbt.com/newticket"
| #define PACKAGE_URL ""
| #define PACKAGE "transmission"
| #define VERSION "2.81"
| #define STDC_HEADERS 1
| #define HAVE_SYS_TYPES_H 1
| #define HAVE_SYS_STAT_H 1
| #define HAVE_STDLIB_H 1
| #define HAVE_STRING_H 1
| #define HAVE_MEMORY_H 1
| #define HAVE_STRINGS_H 1
| #define HAVE_INTTYPES_H 1
| #define HAVE_STDINT_H 1
| #define HAVE_UNISTD_H 1
| #define HAVE_DLFCN_H 1
| #define LT_OBJDIR ".libs/"
| #define STDC_HEADERS 1
| #define TIME_WITH_SYS_TIME 1
| #define HAVE_STDBOOL_H 1
| #define HAVE_PREAD 1
| #define HAVE_PWRITE 1
| #define HAVE_STRLCPY 1
| #define HAVE_DAEMON 1
| #define HAVE_DIRNAME 1
| #define HAVE_BASENAME 1
| #define HAVE_STRCASECMP 1
| #define HAVE_LOCALTIME_R 1
| #define HAVE_MEMMEM 1
| #define HAVE_STRSEP 1
| #define HAVE_STRTOLD 1
| #define HAVE_SYSLOG 1
| #define HAVE_VALLOC 1
| #define HAVE_GETPAGESIZE 1
| #define HAVE_STATVFS 1
| #define HAVE_MKDTEMP 1
| #define HAVE_PTHREAD 1
| #define HAVE__TMP_DUMMY1_ZLIB_H 1
| #define HAVE_ZLIB 1
| #define _FILE_OFFSET_BITS 64
| #define HAVE_LSEEK64 1
| #define HAVE_GETMNTENT 1
| #define HAVE_DECL_POSIX_FADVISE 0
| #define HAVE_POSIX_FADVISE 1
| #define WITH_INOTIFY 1
| #define HAVE_SYS_STATVFS_H 1
| /* end confdefs.h.  */
| #include <stdio.h>
| #ifdef HAVE_SYS_TYPES_H
| # include <sys/types.h>
| #endif
| #ifdef HAVE_SYS_STAT_H
| # include <sys/stat.h>
| #endif
| #ifdef STDC_HEADERS
| # include <stdlib.h>
| # include <stddef.h>
| #else
| # ifdef HAVE_STDLIB_H
| #  include <stdlib.h>
| # endif
| #endif
| #ifdef HAVE_STRING_H
| # if !defined STDC_HEADERS && defined HAVE_MEMORY_H
| #  include <memory.h>
| # endif
| # include <string.h>
| #endif
| #ifdef HAVE_STRINGS_H
| # include <strings.h>
| #endif
| #ifdef HAVE_INTTYPES_H
| # include <inttypes.h>
| #endif
| #ifdef HAVE_STDINT_H
| # include <stdint.h>
| #endif
| #ifdef HAVE_UNISTD_H
| # include <unistd.h>
| #endif
| #include <xfs/xfs.h>
configure:17922: result: no
configure:17922: checking xfs/xfs.h presence
configure:17922: mipsel-uclibc-gcc -E -I/home/aaronfinney/tomato/release/src-rt/router/zlib -DNDEBUG conftest.c
conftest.c:52:21: error: xfs/xfs.h: No such file or directory
configure:17922: $? = 1
configure: failed program was:
| /* confdefs.h */
| #define PACKAGE_NAME "transmission"
| #define PACKAGE_TARNAME "transmission"
| #define PACKAGE_VERSION "2.81"
| #define PACKAGE_STRING "transmission 2.81"
| #define PACKAGE_BUGREPORT "http://trac.transmissionbt.com/newticket"
| #define PACKAGE_URL ""
| #define PACKAGE "transmission"
| #define VERSION "2.81"
| #define STDC_HEADERS 1
| #define HAVE_SYS_TYPES_H 1
| #define HAVE_SYS_STAT_H 1
| #define HAVE_STDLIB_H 1
| #define HAVE_STRING_H 1
| #define HAVE_MEMORY_H 1
| #define HAVE_STRINGS_H 1
| #define HAVE_INTTYPES_H 1
| #define HAVE_STDINT_H 1
| #define HAVE_UNISTD_H 1
| #define HAVE_DLFCN_H 1
| #define LT_OBJDIR ".libs/"
| #define STDC_HEADERS 1
| #define TIME_WITH_SYS_TIME 1
| #define HAVE_STDBOOL_H 1
| #define HAVE_PREAD 1
| #define HAVE_PWRITE 1
| #define HAVE_STRLCPY 1
| #define HAVE_DAEMON 1
| #define HAVE_DIRNAME 1
| #define HAVE_BASENAME 1
| #define HAVE_STRCASECMP 1
| #define HAVE_LOCALTIME_R 1
| #define HAVE_MEMMEM 1
| #define HAVE_STRSEP 1
| #define HAVE_STRTOLD 1
| #define HAVE_SYSLOG 1
| #define HAVE_VALLOC 1
| #define HAVE_GETPAGESIZE 1
| #define HAVE_STATVFS 1
| #define HAVE_MKDTEMP 1
| #define HAVE_PTHREAD 1
| #define HAVE__TMP_DUMMY1_ZLIB_H 1
| #define HAVE_ZLIB 1
| #define _FILE_OFFSET_BITS 64
| #define HAVE_LSEEK64 1
| #define HAVE_GETMNTENT 1
| #define HAVE_DECL_POSIX_FADVISE 0
| #define HAVE_POSIX_FADVISE 1
| #define WITH_INOTIFY 1
| #define HAVE_SYS_STATVFS_H 1
| /* end confdefs.h.  */
| #include <xfs/xfs.h>
configure:17922: result: no
configure:17922: checking for xfs/xfs.h
configure:17922: result: no
configure:17947: checking for SYSTEMD_DAEMON
configure:17955: $PKG_CONFIG --exists --print-errors "libsystemd-daemon"
Package libsystemd-daemon was not found in the pkg-config search path.
Perhaps you should add the directory containing `libsystemd-daemon.pc'
to the PKG_CONFIG_PATH environment variable
No package 'libsystemd-daemon' found
configure:17958: $? = 1
configure:17973: $PKG_CONFIG --exists --print-errors "libsystemd-daemon"
Package libsystemd-daemon was not found in the pkg-config search path.
Perhaps you should add the directory containing `libsystemd-daemon.pc'
to the PKG_CONFIG_PATH environment variable
No package 'libsystemd-daemon' found
configure:17976: $? = 1
No package 'libsystemd-daemon' found
configure:18004: result: no
configure:18038: checking for clock_gettime in -lrt
configure:18063: mipsel-uclibc-gcc -o conftest -Os -Wall -fno-delete-null-pointer-checks -funit-at-a-time 		--param large-function-growth=800 --param max-inline-insns-single=3000 		-ffunction-sections -fdata-sections -std=gnu99 -ggdb3 -Wall -W -Wpointer-arith -Wformat-security -Wcast-align -Wundef -Wcast-align -Wstrict-prototypes -Wmissing-declarations -Wmissing-format-attribute -Wredundant-decls -Wnested-externs -Wunused-parameter -Wwrite-strings -Winline -Wfloat-equal -Wextra -Wdeclaration-after-statement -Winit-self -I/home/aaronfinney/tomato/release/src-rt/router/zlib -DNDEBUG -L/home/aaronfinney/tomato/release/src-rt/router/zlib -ffunction-sections -fdata-sections -Wl,--gc-sections -fPIC conftest.c -lrt  -lm  >&5
conftest.c:59: warning: function declaration isn't a prototype
conftest.c:62: warning: function declaration isn't a prototype
configure:18063: $? = 0
configure:18072: result: yes
configure:18081: checking TP
configure:18123: result: yes
configure:18128: checking supported miniupnp library
configure:18161: mipsel-uclibc-gcc -o conftest -Os -Wall -fno-delete-null-pointer-checks -funit-at-a-time 		--param large-function-growth=800 --param max-inline-insns-single=3000 		-ffunction-sections -fdata-sections -std=gnu99 -ggdb3 -Wall -W -Wpointer-arith -Wformat-security -Wcast-align -Wundef -Wcast-align -Wstrict-prototypes -Wmissing-declarations -Wmissing-format-attribute -Wredundant-decls -Wnested-externs -Wunused-parameter -Wwrite-strings -Winline -Wfloat-equal -Wextra -Wdeclaration-after-statement -Winit-self -I/home/aaronfinney/tomato/release/src-rt/router/zlib -DNDEBUG -L/home/aaronfinney/tomato/release/src-rt/router/zlib -ffunction-sections -fdata-sections -Wl,--gc-sections -fPIC conftest.c -lminiupnpc >&5
conftest.c:55:37: error: miniupnpc/miniupnpc.h: No such file or directory
conftest.c:56:40: error: miniupnpc/upnpcommands.h: No such file or directory
conftest.c:60: warning: function declaration isn't a prototype
conftest.c: In function 'main':
conftest.c:63: error: storage size of 'urls' isn't known
conftest.c:64: error: storage size of 'data' isn't known
conftest.c:69: warning: implicit declaration of function 'upnpDiscover'
conftest.c:69: warning: nested extern declaration of 'upnpDiscover'
conftest.c:70: warning: implicit declaration of function 'UPNP_GetValidIGD'
conftest.c:70: warning: nested extern declaration of 'UPNP_GetValidIGD'
conftest.c:71: warning: implicit declaration of function 'UPNP_GetSpecificPortMappingEntry'
conftest.c:71: warning: nested extern declaration of 'UPNP_GetSpecificPortMappingEntry'
conftest.c:64: warning: unused variable 'data'
conftest.c:63: warning: unused variable 'urls'
configure:18161: $? = 1
configure: failed program was:
| /* confdefs.h */
| #define PACKAGE_NAME "transmission"
| #define PACKAGE_TARNAME "transmission"
| #define PACKAGE_VERSION "2.81"
| #define PACKAGE_STRING "transmission 2.81"
| #define PACKAGE_BUGREPORT "http://trac.transmissionbt.com/newticket"
| #define PACKAGE_URL ""
| #define PACKAGE "transmission"
| #define VERSION "2.81"
| #define STDC_HEADERS 1
| #define HAVE_SYS_TYPES_H 1
| #define HAVE_SYS_STAT_H 1
| #define HAVE_STDLIB_H 1
| #define HAVE_STRING_H 1
| #define HAVE_MEMORY_H 1
| #define HAVE_STRINGS_H 1
| #define HAVE_INTTYPES_H 1
| #define HAVE_STDINT_H 1
| #define HAVE_UNISTD_H 1
| #define HAVE_DLFCN_H 1
| #define LT_OBJDIR ".libs/"
| #define STDC_HEADERS 1
| #define TIME_WITH_SYS_TIME 1
| #define HAVE_STDBOOL_H 1
| #define HAVE_PREAD 1
| #define HAVE_PWRITE 1
| #define HAVE_STRLCPY 1
| #define HAVE_DAEMON 1
| #define HAVE_DIRNAME 1
| #define HAVE_BASENAME 1
| #define HAVE_STRCASECMP 1
| #define HAVE_LOCALTIME_R 1
| #define HAVE_MEMMEM 1
| #define HAVE_STRSEP 1
| #define HAVE_STRTOLD 1
| #define HAVE_SYSLOG 1
| #define HAVE_VALLOC 1
| #define HAVE_GETPAGESIZE 1
| #define HAVE_STATVFS 1
| #define HAVE_MKDTEMP 1
| #define HAVE_PTHREAD 1
| #define HAVE__TMP_DUMMY1_ZLIB_H 1
| #define HAVE_ZLIB 1
| #define _FILE_OFFSET_BITS 64
| #define HAVE_LSEEK64 1
| #define HAVE_GETMNTENT 1
| #define HAVE_DECL_POSIX_FADVISE 0
| #define HAVE_POSIX_FADVISE 1
| #define WITH_INOTIFY 1
| #define HAVE_SYS_STATVFS_H 1
| #define WITH_UTP 1
| /* end confdefs.h.  */
| 
|     #include <stdlib.h>
|     #include <miniupnpc/miniupnpc.h>
|     #include <miniupnpc/upnpcommands.h>
| 
| int
| main ()
| {
| 
|     struct UPNPDev * devlist;
|     struct UPNPUrls    urls;
|     struct IGDdatas    data;
|     char lanaddr[16];
|     char portStr[8];
|     char intPort[8];
|     char intClient[16];
|     upnpDiscover( 2000, NULL, NULL, 0 );
|     UPNP_GetValidIGD( devlist, &urls, &data, lanaddr, sizeof( lanaddr ) );
|     UPNP_GetSpecificPortMappingEntry( urls.controlURL, data.first.servicetype,
|                         portStr, "TCP", intClient, intPort );
| 
|   ;
|   return 0;
| }
configure:18200: mipsel-uclibc-gcc -o conftest -Os -Wall -fno-delete-null-pointer-checks -funit-at-a-time 		--param large-function-growth=800 --param max-inline-insns-single=3000 		-ffunction-sections -fdata-sections -std=gnu99 -ggdb3 -Wall -W -Wpointer-arith -Wformat-security -Wcast-align -Wundef -Wcast-align -Wstrict-prototypes -Wmissing-declarations -Wmissing-format-attribute -Wredundant-decls -Wnested-externs -Wunused-parameter -Wwrite-strings -Winline -Wfloat-equal -Wextra -Wdeclaration-after-statement -Winit-self -I/home/aaronfinney/tomato/release/src-rt/router/zlib -DNDEBUG -L/home/aaronfinney/tomato/release/src-rt/router/zlib -ffunction-sections -fdata-sections -Wl,--gc-sections -fPIC conftest.c -lminiupnpc >&5
conftest.c:56:37: error: miniupnpc/miniupnpc.h: No such file or directory
conftest.c:57:40: error: miniupnpc/upnpcommands.h: No such file or directory
conftest.c:61: warning: function declaration isn't a prototype
conftest.c: In function 'main':
conftest.c:64: error: storage size of 'urls' isn't known
conftest.c:65: error: storage size of 'data' isn't known
conftest.c:70: warning: implicit declaration of function 'upnpDiscover'
conftest.c:70: warning: nested extern declaration of 'upnpDiscover'
conftest.c:71: warning: implicit declaration of function 'UPNP_GetValidIGD'
conftest.c:71: warning: nested extern declaration of 'UPNP_GetValidIGD'
conftest.c:72: warning: implicit declaration of function 'UPNP_GetSpecificPortMappingEntry'
conftest.c:72: warning: nested extern declaration of 'UPNP_GetSpecificPortMappingEntry'
conftest.c:65: warning: unused variable 'data'
conftest.c:64: warning: unused variable 'urls'
configure:18200: $? = 1
configure: failed program was:
| /* confdefs.h */
| #define PACKAGE_NAME "transmission"
| #define PACKAGE_TARNAME "transmission"
| #define PACKAGE_VERSION "2.81"
| #define PACKAGE_STRING "transmission 2.81"
| #define PACKAGE_BUGREPORT "http://trac.transmissionbt.com/newticket"
| #define PACKAGE_URL ""
| #define PACKAGE "transmission"
| #define VERSION "2.81"
| #define STDC_HEADERS 1
| #define HAVE_SYS_TYPES_H 1
| #define HAVE_SYS_STAT_H 1
| #define HAVE_STDLIB_H 1
| #define HAVE_STRING_H 1
| #define HAVE_MEMORY_H 1
| #define HAVE_STRINGS_H 1
| #define HAVE_INTTYPES_H 1
| #define HAVE_STDINT_H 1
| #define HAVE_UNISTD_H 1
| #define HAVE_DLFCN_H 1
| #define LT_OBJDIR ".libs/"
| #define STDC_HEADERS 1
| #define TIME_WITH_SYS_TIME 1
| #define HAVE_STDBOOL_H 1
| #define HAVE_PREAD 1
| #define HAVE_PWRITE 1
| #define HAVE_STRLCPY 1
| #define HAVE_DAEMON 1
| #define HAVE_DIRNAME 1
| #define HAVE_BASENAME 1
| #define HAVE_STRCASECMP 1
| #define HAVE_LOCALTIME_R 1
| #define HAVE_MEMMEM 1
| #define HAVE_STRSEP 1
| #define HAVE_STRTOLD 1
| #define HAVE_SYSLOG 1
| #define HAVE_VALLOC 1
| #define HAVE_GETPAGESIZE 1
| #define HAVE_STATVFS 1
| #define HAVE_MKDTEMP 1
| #define HAVE_PTHREAD 1
| #define HAVE__TMP_DUMMY1_ZLIB_H 1
| #define HAVE_ZLIB 1
| #define _FILE_OFFSET_BITS 64
| #define HAVE_LSEEK64 1
| #define HAVE_GETMNTENT 1
| #define HAVE_DECL_POSIX_FADVISE 0
| #define HAVE_POSIX_FADVISE 1
| #define WITH_INOTIFY 1
| #define HAVE_SYS_STATVFS_H 1
| #define WITH_UTP 1
| /* end confdefs.h.  */
| 
|     #include <stdlib.h>
|     #include <errno.h>
|     #include <miniupnpc/miniupnpc.h>
|     #include <miniupnpc/upnpcommands.h>
| 
| int
| main ()
| {
| 
|     struct UPNPDev * devlist;
|     struct UPNPUrls    urls;
|     struct IGDdatas    data;
|     char lanaddr[16];
|     char portStr[8];
|     char intPort[8];
|     char intClient[16];
|     upnpDiscover( 2000, NULL, NULL, 0, 0, &errno );
|     UPNP_GetValidIGD( devlist, &urls, &data, lanaddr, sizeof( lanaddr ) );
|     UPNP_GetSpecificPortMappingEntry( urls.controlURL, data.first.servicetype,
|                         portStr, "TCP", intClient, intPort, NULL, NULL, NULL );
| 
|   ;
|   return 0;
| }
configure:18212: result: none
configure:18287: $PKG_CONFIG --exists --print-errors "gtk+-3.0 >= $GTK_MINIMUM
                  glib-2.0 >= $GLIB_MINIMUM
                  gio-2.0 >= $GIO_MINIMUM,
                  gmodule-2.0 >= $GLIB_MINIMUM
                  gthread-2.0 >= $GLIB_MINIMUM"
Package gtk+-3.0 was not found in the pkg-config search path.
Perhaps you should add the directory containing `gtk+-3.0.pc'
to the PKG_CONFIG_PATH environment variable
No package 'gtk+-3.0' found
Requested 'glib-2.0 >= 2.32.0' but version of GLib is 2.26.1
Requested 'gmodule-2.0 >= 2.32.0' but version of GModule is 2.26.1
Requested 'gthread-2.0 >= 2.32.0' but version of GThread is 2.26.1
configure:18294: $? = 1
configure:19598: checking that generated files are newer than configure
configure:19604: result: done
configure:19671: creating ./config.status

## ---------------------- ##
## Running config.status. ##
## ---------------------- ##

This file was extended by transmission config.status 2.81, which was
generated by GNU Autoconf 2.69.  Invocation command line was

  CONFIG_FILES    = 
  CONFIG_HEADERS  = 
  CONFIG_LINKS    = 
  CONFIG_COMMANDS = 
  $ ./config.status 

on gns3lab.slash31.net

config.status:1178: creating Makefile
config.status:1178: creating transmission-gtk.spec
config.status:1178: creating cli/Makefile
config.status:1178: creating daemon/Makefile
config.status:1178: creating extras/Makefile
config.status:1178: creating libtransmission/Makefile
config.status:1178: creating utils/Makefile
config.status:1178: creating third-party/Makefile
config.status:1178: creating third-party/dht/Makefile
config.status:1178: creating third-party/libutp/Makefile
config.status:1178: creating third-party/libnatpmp/Makefile
config.status:1178: creating third-party/miniupnp/Makefile
config.status:1178: creating macosx/Makefile
config.status:1178: creating gtk/Makefile
config.status:1178: creating gtk/icons/Makefile
config.status:1178: creating qt/config.pri
config.status:1178: creating web/Makefile
config.status:1178: creating web/images/Makefile
config.status:1178: creating web/style/Makefile
config.status:1178: creating web/style/jqueryui/Makefile
config.status:1178: creating web/style/jqueryui/images/Makefile
config.status:1178: creating web/style/transmission/Makefile
config.status:1178: creating web/style/transmission/images/Makefile
config.status:1178: creating web/style/transmission/images/buttons/Makefile
config.status:1178: creating web/javascript/Makefile
config.status:1178: creating web/javascript/jquery/Makefile
config.status:1178: creating po/Makefile.in
config.status:1350: executing depfiles commands
config.status:1350: executing libtool commands

## ---------------- ##
## Cache variables. ##
## ---------------- ##

ac_cv_build=x86_64-redhat-linux-gnu
ac_cv_c_compiler_gnu=yes
ac_cv_c_inline=inline
ac_cv_cxx_compiler_gnu=yes
ac_cv_env_CCC_set=
ac_cv_env_CCC_value=
ac_cv_env_CC_set=set
ac_cv_env_CC_value=mipsel-uclibc-gcc
ac_cv_env_CFLAGS_set=set
ac_cv_env_CFLAGS_value='-Os -Wall -fno-delete-null-pointer-checks -funit-at-a-time 		--param large-function-growth=800 --param max-inline-insns-single=3000 		-ffunction-sections -fdata-sections'
ac_cv_env_CPPFLAGS_set=set
ac_cv_env_CPPFLAGS_value=-I/home/aaronfinney/tomato/release/src-rt/router/zlib
ac_cv_env_CPP_set=
ac_cv_env_CPP_value=
ac_cv_env_CXXCPP_set=
ac_cv_env_CXXCPP_value=
ac_cv_env_CXXFLAGS_set=
ac_cv_env_CXXFLAGS_value=
ac_cv_env_CXX_set=
ac_cv_env_CXX_value=
ac_cv_env_GTK_CFLAGS_set=
ac_cv_env_GTK_CFLAGS_value=
ac_cv_env_GTK_LIBS_set=
ac_cv_env_GTK_LIBS_value=
ac_cv_env_LDFLAGS_set=set
ac_cv_env_LDFLAGS_value='-L/home/aaronfinney/tomato/release/src-rt/router/zlib -ffunction-sections -fdata-sections -Wl,--gc-sections -fPIC'
ac_cv_env_LIBAPPINDICATOR_CFLAGS_set=
ac_cv_env_LIBAPPINDICATOR_CFLAGS_value=
ac_cv_env_LIBAPPINDICATOR_LIBS_set=
ac_cv_env_LIBAPPINDICATOR_LIBS_value=
ac_cv_env_LIBCURL_CFLAGS_set=set
ac_cv_env_LIBCURL_CFLAGS_value=-I/home/aaronfinney/tomato/release/src-rt/router/libcurl/include
ac_cv_env_LIBCURL_LIBS_set=set
ac_cv_env_LIBCURL_LIBS_value='-L/home/aaronfinney/tomato/release/src-rt/router/libcurl/lib/.libs -lcurl'
ac_cv_env_LIBEVENT_CFLAGS_set=set
ac_cv_env_LIBEVENT_CFLAGS_value=-I/home/aaronfinney/tomato/release/src-rt/router/libevent/include
ac_cv_env_LIBEVENT_LIBS_set=set
ac_cv_env_LIBEVENT_LIBS_value='-L/home/aaronfinney/tomato/release/src-rt/router/libevent/.libs -levent'
ac_cv_env_LIBS_set=
ac_cv_env_LIBS_value=
ac_cv_env_OPENSSL_CFLAGS_set=set
ac_cv_env_OPENSSL_CFLAGS_value=-I/home/aaronfinney/tomato/release/src-rt/router/openssl/include
ac_cv_env_OPENSSL_LIBS_set=set
ac_cv_env_OPENSSL_LIBS_value='-L/home/aaronfinney/tomato/release/src-rt/router/openssl -lcrypto -lssl'
ac_cv_env_PKG_CONFIG_set=
ac_cv_env_PKG_CONFIG_value=
ac_cv_env_SYSTEMD_DAEMON_CFLAGS_set=
ac_cv_env_SYSTEMD_DAEMON_CFLAGS_value=
ac_cv_env_SYSTEMD_DAEMON_LIBS_set=
ac_cv_env_SYSTEMD_DAEMON_LIBS_value=
ac_cv_env_build_alias_set=set
ac_cv_env_build_alias_value=x86_64-redhat-linux
ac_cv_env_host_alias_set=set
ac_cv_env_host_alias_value=mipsel-linux
ac_cv_env_target_alias_set=set
ac_cv_env_target_alias_value=mipsel-linux
ac_cv_func_basename=yes
ac_cv_func_daemon=yes
ac_cv_func_dirname=yes
ac_cv_func_fallocate64=no
ac_cv_func_getmntent=yes
ac_cv_func_getpagesize=yes
ac_cv_func_htonll=no
ac_cv_func_iconv_open=no
ac_cv_func_inotify_init=yes
ac_cv_func_localtime_r=yes
ac_cv_func_lrintf=no
ac_cv_func_lseek64=yes
ac_cv_func_malloc_0_nonnull=yes
ac_cv_func_memmem=yes
ac_cv_func_mkdtemp=yes
ac_cv_func_ntohll=no
ac_cv_func_posix_fadvise=yes
ac_cv_func_posix_fallocate=no
ac_cv_func_posix_memalign=no
ac_cv_func_pread=yes
ac_cv_func_pwrite=yes
ac_cv_func_statvfs=yes
ac_cv_func_strcasecmp=yes
ac_cv_func_strlcpy=yes
ac_cv_func_strsep=yes
ac_cv_func_strtold=yes
ac_cv_func_syslog=yes
ac_cv_func_valloc=yes
ac_cv_have_decl_posix_fadvise=no
ac_cv_header__tmp_dummy1_zlib_h=yes
ac_cv_header_dlfcn_h=yes
ac_cv_header_inttypes_h=yes
ac_cv_header_memory_h=yes
ac_cv_header_stdbool_h=yes
ac_cv_header_stdc=yes
ac_cv_header_stdint_h=yes
ac_cv_header_stdlib_h=yes
ac_cv_header_string_h=yes
ac_cv_header_strings_h=yes
ac_cv_header_sys_event_h=no
ac_cv_header_sys_inotify_h=yes
ac_cv_header_sys_stat_h=yes
ac_cv_header_sys_statvfs_h=yes
ac_cv_header_sys_types_h=yes
ac_cv_header_time=yes
ac_cv_header_unistd_h=yes
ac_cv_header_xfs_xfs_h=no
ac_cv_host=mipsel-unknown-linux-gnu
ac_cv_lib_rt_clock_gettime=yes
ac_cv_objext=o
ac_cv_path_EGREP='/bin/grep -E'
ac_cv_path_FGREP='/bin/grep -F'
ac_cv_path_GREP=/bin/grep
ac_cv_path_SED=/bin/sed
ac_cv_path_ac_pt_PKG_CONFIG=/usr/bin/pkg-config
ac_cv_path_install='/usr/bin/install -c'
ac_cv_path_mkdir=/bin/mkdir
ac_cv_prog_AR=mipsel-uclibc-ar
ac_cv_prog_AWK=gawk
ac_cv_prog_CC=mipsel-uclibc-gcc
ac_cv_prog_CPP='mipsel-uclibc-gcc -E'
ac_cv_prog_CXX=mipsel-linux-g++
ac_cv_prog_CXXCPP='mipsel-linux-g++ -E'
ac_cv_prog_HAVE_CXX=yes
ac_cv_prog_OBJDUMP=mipsel-linux-objdump
ac_cv_prog_RANLIB=mipsel-uclibc-ranlib
ac_cv_prog_STRIP=mipsel-uclibc-strip
ac_cv_prog_cc_c89=
ac_cv_prog_cc_g=yes
ac_cv_prog_cxx_g=yes
ac_cv_prog_make_make_set=yes
ac_cv_search_cos=-lm
ac_cv_search_gethostbyname='none required'
ac_cv_search_getmntent='none required'
ac_cv_search_gzopen=-lz
ac_cv_search_socket='none required'
ac_cv_sys_file_offset_bits=64
ac_cv_sys_largefile_CC=no
am_cv_CC_dependencies_compiler_type=gcc3
am_cv_CXX_dependencies_compiler_type=gcc3
am_cv_make_support_nested_variables=yes
am_cv_prog_tar_pax=gnutar
lt_cv_ar_at_file=@
lt_cv_archive_cmds_need_lc=no
lt_cv_deplibs_check_method=pass_all
lt_cv_file_magic_cmd='$MAGIC_CMD'
lt_cv_file_magic_test_file=
lt_cv_ld_reload_flag=-r
lt_cv_nm_interface='BSD nm'
lt_cv_objdir=.libs
lt_cv_path_LD=mipsel-uclibc-ld
lt_cv_path_LDCXX=mipsel-uclibc-ld
lt_cv_path_NM=mipsel-uclibc-nm
lt_cv_path_mainfest_tool=no
lt_cv_prog_compiler_c_o=yes
lt_cv_prog_compiler_c_o_CXX=yes
lt_cv_prog_compiler_pic='-fPIC -DPIC'
lt_cv_prog_compiler_pic_CXX='-fPIC -DPIC'
lt_cv_prog_compiler_pic_works=yes
lt_cv_prog_compiler_pic_works_CXX=yes
lt_cv_prog_compiler_rtti_exceptions=no
lt_cv_prog_compiler_static_works=yes
lt_cv_prog_compiler_static_works_CXX=yes
lt_cv_prog_gnu_ld=yes
lt_cv_prog_gnu_ldcxx=yes
lt_cv_sharedlib_from_linklib_cmd='printf %s\n'
lt_cv_shlibpath_overrides_runpath=no
lt_cv_sys_global_symbol_pipe='sed -n -e '\''s/^.*[	 ]\([ABCDGIRSTW][ABCDGIRSTW]*\)[	 ][	 ]*\([_A-Za-z][_A-Za-z0-9]*\)$/\1 \2 \2/p'\'' | sed '\''/ __gnu_lto/d'\'''
lt_cv_sys_global_symbol_to_c_name_address='sed -n -e '\''s/^: \([^ ]*\)[ ]*$/  {\"\1\", (void *) 0},/p'\'' -e '\''s/^[ABCDGIRSTW]* \([^ ]*\) \([^ ]*\)$/  {"\2", (void *) \&\2},/p'\'''
lt_cv_sys_global_symbol_to_c_name_address_lib_prefix='sed -n -e '\''s/^: \([^ ]*\)[ ]*$/  {\"\1\", (void *) 0},/p'\'' -e '\''s/^[ABCDGIRSTW]* \([^ ]*\) \(lib[^ ]*\)$/  {"\2", (void *) \&\2},/p'\'' -e '\''s/^[ABCDGIRSTW]* \([^ ]*\) \([^ ]*\)$/  {"lib\2", (void *) \&\2},/p'\'''
lt_cv_sys_global_symbol_to_cdecl='sed -n -e '\''s/^T .* \(.*\)$/extern int \1();/p'\'' -e '\''s/^[ABCDGIRSTW]* .* \(.*\)$/extern char \1;/p'\'''
lt_cv_sys_max_cmd_len=1966080
lt_cv_to_host_file_cmd=func_convert_file_noop
lt_cv_to_tool_file_cmd=func_convert_file_noop
pkg_cv_LIBCURL_CFLAGS=-I/home/aaronfinney/tomato/release/src-rt/router/libcurl/include
pkg_cv_LIBCURL_LIBS='-L/home/aaronfinney/tomato/release/src-rt/router/libcurl/lib/.libs -lcurl'
pkg_cv_LIBEVENT_CFLAGS=-I/home/aaronfinney/tomato/release/src-rt/router/libevent/include
pkg_cv_LIBEVENT_LIBS='-L/home/aaronfinney/tomato/release/src-rt/router/libevent/.libs -levent'
pkg_cv_OPENSSL_CFLAGS=-I/home/aaronfinney/tomato/release/src-rt/router/openssl/include
pkg_cv_OPENSSL_LIBS='-L/home/aaronfinney/tomato/release/src-rt/router/openssl -lcrypto -lssl'

## ----------------- ##
## Output variables. ##
## ----------------- ##

ACLOCAL='${SHELL} /home/aaronfinney/tomato/release/src/router/transmission/missing aclocal-1.13'
AMDEPBACKSLASH='\'
AMDEP_FALSE='#'
AMDEP_TRUE=''
AMTAR='$${TAR-tar}'
AM_BACKSLASH='\'
AM_DEFAULT_V='$(AM_DEFAULT_VERBOSITY)'
AM_DEFAULT_VERBOSITY='0'
AM_V='$(V)'
AR='mipsel-uclibc-ar'
AUTOCONF='${SHELL} /home/aaronfinney/tomato/release/src/router/transmission/missing autoconf'
AUTOHEADER='${SHELL} /home/aaronfinney/tomato/release/src/router/transmission/missing autoheader'
AUTOMAKE='${SHELL} /home/aaronfinney/tomato/release/src/router/transmission/missing automake-1.13'
AWK='gawk'
BUILD_CLI_FALSE='#'
BUILD_CLI_TRUE=''
BUILD_DAEMON_FALSE='#'
BUILD_DAEMON_TRUE=''
BUILD_GTK_FALSE=''
BUILD_GTK_TRUE='#'
BUILD_MAC_FALSE=''
BUILD_MAC_TRUE='#'
BUILD_MINIUPNP_FALSE='#'
BUILD_MINIUPNP_TRUE=''
BUILD_NATPMP_FALSE='#'
BUILD_NATPMP_TRUE=''
BUILD_UTP_FALSE='#'
BUILD_UTP_TRUE=''
CATALOGS=''
CATOBJEXT=''
CC='mipsel-uclibc-gcc'
CCDEPMODE='depmode=gcc3'
CFLAGS='-Os -Wall -fno-delete-null-pointer-checks -funit-at-a-time 		--param large-function-growth=800 --param max-inline-insns-single=3000 		-ffunction-sections -fdata-sections -std=gnu99 -ggdb3 -Wall -W -Wpointer-arith -Wformat-security -Wcast-align -Wundef -Wcast-align -Wstrict-prototypes -Wmissing-declarations -Wmissing-format-attribute -Wredundant-decls -Wnested-externs -Wunused-parameter -Wwrite-strings -Winline -Wfloat-equal -Wextra -Wdeclaration-after-statement -Winit-self'
CPP='mipsel-uclibc-gcc -E'
CPPFLAGS='-I/home/aaronfinney/tomato/release/src-rt/router/zlib -DNDEBUG'
CURL_MINIMUM='7.15.4'
CXX='mipsel-linux-g++'
CXXCPP='mipsel-linux-g++ -E'
CXXDEPMODE='depmode=gcc3'
CXXFLAGS='-g -O2'
CYGPATH_W='echo'
DATADIRNAME=''
DEFS='-DPACKAGE_NAME=\"transmission\" -DPACKAGE_TARNAME=\"transmission\" -DPACKAGE_VERSION=\"2.81\" -DPACKAGE_STRING=\"transmission\ 2.81\" -DPACKAGE_BUGREPORT=\"http://trac.transmissionbt.com/newticket\" -DPACKAGE_URL=\"\" -DPACKAGE=\"transmission\" -DVERSION=\"2.81\" -DSTDC_HEADERS=1 -DHAVE_SYS_TYPES_H=1 -DHAVE_SYS_STAT_H=1 -DHAVE_STDLIB_H=1 -DHAVE_STRING_H=1 -DHAVE_MEMORY_H=1 -DHAVE_STRINGS_H=1 -DHAVE_INTTYPES_H=1 -DHAVE_STDINT_H=1 -DHAVE_UNISTD_H=1 -DHAVE_DLFCN_H=1 -DLT_OBJDIR=\".libs/\" -DSTDC_HEADERS=1 -DTIME_WITH_SYS_TIME=1 -DHAVE_STDBOOL_H=1 -DHAVE_PREAD=1 -DHAVE_PWRITE=1 -DHAVE_STRLCPY=1 -DHAVE_DAEMON=1 -DHAVE_DIRNAME=1 -DHAVE_BASENAME=1 -DHAVE_STRCASECMP=1 -DHAVE_LOCALTIME_R=1 -DHAVE_MEMMEM=1 -DHAVE_STRSEP=1 -DHAVE_STRTOLD=1 -DHAVE_SYSLOG=1 -DHAVE_VALLOC=1 -DHAVE_GETPAGESIZE=1 -DHAVE_STATVFS=1 -DHAVE_MKDTEMP=1 -DHAVE_PTHREAD=1 -DHAVE__TMP_DUMMY1_ZLIB_H=1 -DHAVE_ZLIB=1 -D_FILE_OFFSET_BITS=64 -DHAVE_LSEEK64=1 -DHAVE_GETMNTENT=1 -DHAVE_DECL_POSIX_FADVISE=0 -DHAVE_POSIX_FADVISE=1 -DWITH_INOTIFY=1 -DHAVE_SYS_STATVFS_H=1 -DWITH_UTP=1 -DHAVE_MINIUPNP_16=1 -DTR_LIGHTWEIGHT=1'
DEPDIR='.deps'
DHT_CFLAGS='-I$(top_srcdir)/third-party/dht'
DHT_LIBS='$(top_builddir)/third-party/dht/libdht.a'
DLLTOOL='false'
DSYMUTIL=''
DUMPBIN=''
ECHO_C=''
ECHO_N='-n'
ECHO_T=''
EGREP='/bin/grep -E'
EXEEXT=''
FGREP='/bin/grep -F'
GETTEXT_PACKAGE=''
GIO_MINIMUM='2.26.0'
GLIB_MINIMUM='2.32.0'
GMOFILES=''
GMSGFMT=''
GREP='/bin/grep'
GTK_CFLAGS=''
GTK_LIBS=''
GTK_MINIMUM='3.4.0'
HAVE_CXX='yes'
INSTALL_DATA='${INSTALL} -m 644'
INSTALL_PROGRAM='${INSTALL}'
INSTALL_SCRIPT='${INSTALL}'
INSTALL_STRIP_PROGRAM='$(install_sh) -c -s'
INSTOBJEXT=''
INTLLIBS=''
LD='mipsel-uclibc-ld'
LDFLAGS='-L/home/aaronfinney/tomato/release/src-rt/router/zlib -ffunction-sections -fdata-sections -Wl,--gc-sections -fPIC'
LIBAPPINDICATOR_CFLAGS=''
LIBAPPINDICATOR_LIBS=''
LIBAPPINDICATOR_MINIMUM='0.4.90'
LIBCURL_CFLAGS='-I/home/aaronfinney/tomato/release/src-rt/router/libcurl/include'
LIBCURL_LIBS='-L/home/aaronfinney/tomato/release/src-rt/router/libcurl/lib/.libs -lcurl'
LIBEVENT_CFLAGS='-I/home/aaronfinney/tomato/release/src-rt/router/libevent/include'
LIBEVENT_LIBS='-L/home/aaronfinney/tomato/release/src-rt/router/libevent/.libs -levent'
LIBEVENT_MINIMUM='2.0.10'
LIBNATPMP_CFLAGS='-I$(top_srcdir)/third-party/libnatpmp/'
LIBNATPMP_LIBS='$(top_builddir)/third-party/libnatpmp/libnatpmp.a'
LIBNATPMP_LIBS_QT='$${TRANSMISSION_TOP}/third-party/libnatpmp/libnatpmp.a'
LIBOBJS=''
LIBS='-lm '
LIBTOOL='$(SHELL) $(top_builddir)/libtool'
LIBUPNP_CFLAGS='-I$(top_srcdir)/third-party/'
LIBUPNP_LIBS='$(top_builddir)/third-party/miniupnp/libminiupnp.a'
LIBUPNP_LIBS_QT='$${TRANSMISSION_TOP}/third-party/miniupnp/libminiupnp.a'
LIBUTP_CFLAGS='-I$(top_srcdir)/third-party/'
LIBUTP_LIBS='$(top_builddir)/third-party/libutp/libutp.a -lrt'
LIBUTP_LIBS_QT='$${TRANSMISSION_TOP}/third-party/libutp/libutp.a -lrt'
LIPO=''
LN_S='ln -s'
LTLIBOBJS=''
MAKEINFO='${SHELL} /home/aaronfinney/tomato/release/src/router/transmission/missing makeinfo'
MANIFEST_TOOL=':'
MKDIR_P='/bin/mkdir -p'
MKINSTALLDIRS=''
MSGFMT=''
NM='mipsel-uclibc-nm'
NMEDIT=''
OBJDUMP='mipsel-linux-objdump'
OBJEXT='o'
OPENSSL_CFLAGS='-I/home/aaronfinney/tomato/release/src-rt/router/openssl/include'
OPENSSL_LIBS='-L/home/aaronfinney/tomato/release/src-rt/router/openssl -lcrypto -lssl'
OPENSSL_MINIMUM='0.9.4'
OTOOL64=''
OTOOL=''
PACKAGE='transmission'
PACKAGE_BUGREPORT='http://trac.transmissionbt.com/newticket'
PACKAGE_NAME='transmission'
PACKAGE_STRING='transmission 2.81'
PACKAGE_TARNAME='transmission'
PACKAGE_URL=''
PACKAGE_VERSION='2.81'
PATH_SEPARATOR=':'
PEERID_PREFIX='-TR2810-'
PKG_CONFIG='/usr/bin/pkg-config'
POFILES=''
POSUB=''
PO_IN_DATADIR_FALSE=''
PO_IN_DATADIR_TRUE=''
PTHREAD_CC='mipsel-uclibc-gcc'
PTHREAD_CFLAGS='-pthread'
PTHREAD_LIBS=''
RANLIB='mipsel-uclibc-ranlib'
SED='/bin/sed'
SET_MAKE=''
SHELL='/bin/sh'
STRIP='mipsel-uclibc-strip'
SYSTEMD_DAEMON_CFLAGS=''
SYSTEMD_DAEMON_LIBS=''
TR_UNSTABLE_FALSE=''
TR_UNSTABLE_TRUE='#'
USERAGENT_PREFIX='2.81'
USE_NLS=''
VERSION='2.81'
WIN32_FALSE=''
WIN32_TRUE='#'
WINDRES=''
XGETTEXT=''
ZLIB_CFLAGS=''
ZLIB_LDFLAGS=''
ZLIB_LIBS='-lz -lm '
ac_ct_AR=''
ac_ct_CC=''
ac_ct_CXX=''
ac_ct_DUMPBIN=''
acx_pthread_config=''
am__EXEEXT_FALSE=''
am__EXEEXT_TRUE='#'
am__fastdepCC_FALSE='#'
am__fastdepCC_TRUE=''
am__fastdepCXX_FALSE='#'
am__fastdepCXX_TRUE=''
am__include='include'
am__isrc=''
am__leading_dot='.'
am__nodep='_no'
am__quote=''
am__tar='tar --format=posix -chf - "$$tardir"'
am__untar='tar -xf -'
bindir='${exec_prefix}/bin'
build='x86_64-redhat-linux-gnu'
build_alias='x86_64-redhat-linux'
build_cpu='x86_64'
build_os='linux-gnu'
build_vendor='redhat'
datadir='${datarootdir}'
datarootdir='${prefix}/share'
docdir='${datarootdir}/doc/${PACKAGE_TARNAME}'
dvidir='${docdir}'
exec_prefix='${prefix}'
host='mipsel-unknown-linux-gnu'
host_alias='mipsel-linux'
host_cpu='mipsel'
host_os='linux-gnu'
host_vendor='unknown'
htmldir='${docdir}'
includedir='${prefix}/include'
infodir='${datarootdir}/info'
install_sh='${SHELL} /home/aaronfinney/tomato/release/src/router/transmission/install-sh'
libdir='${exec_prefix}/lib'
libexecdir='${exec_prefix}/libexec'
localedir='${datarootdir}/locale'
localstatedir='${prefix}/var'
mandir='${datarootdir}/man'
mkdir_p='$(MKDIR_P)'
oldincludedir='/usr/include'
pdfdir='${docdir}'
prefix='/usr'
program_transform_name='s,x,x,'
psdir='${docdir}'
sbindir='${exec_prefix}/sbin'
sharedstatedir='${prefix}/com'
sysconfdir='${prefix}/etc'
target_alias='mipsel-linux'
transmissionlocaledir=''

## ----------- ##
## confdefs.h. ##
## ----------- ##

/* confdefs.h */
#define PACKAGE_NAME "transmission"
#define PACKAGE_TARNAME "transmission"
#define PACKAGE_VERSION "2.81"
#define PACKAGE_STRING "transmission 2.81"
#define PACKAGE_BUGREPORT "http://trac.transmissionbt.com/newticket"
#define PACKAGE_URL ""
#define PACKAGE "transmission"
#define VERSION "2.81"
#define STDC_HEADERS 1
#define HAVE_SYS_TYPES_H 1
#define HAVE_SYS_STAT_H 1
#define HAVE_STDLIB_H 1
#define HAVE_STRING_H 1
#define HAVE_MEMORY_H 1
#define HAVE_STRINGS_H 1
#define HAVE_INTTYPES_H 1
#define HAVE_STDINT_H 1
#define HAVE_UNISTD_H 1
#define HAVE_DLFCN_H 1
#define LT_OBJDIR ".libs/"
#define STDC_HEADERS 1
#define TIME_WITH_SYS_TIME 1
#define HAVE_STDBOOL_H 1
#define HAVE_PREAD 1
#define HAVE_PWRITE 1
#define HAVE_STRLCPY 1
#define HAVE_DAEMON 1
#define HAVE_DIRNAME 1
#define HAVE_BASENAME 1
#define HAVE_STRCASECMP 1
#define HAVE_LOCALTIME_R 1
#define HAVE_MEMMEM 1
#define HAVE_STRSEP 1
#define HAVE_STRTOLD 1
#define HAVE_SYSLOG 1
#define HAVE_VALLOC 1
#define HAVE_GETPAGESIZE 1
#define HAVE_STATVFS 1
#define HAVE_MKDTEMP 1
#define HAVE_PTHREAD 1
#define HAVE__TMP_DUMMY1_ZLIB_H 1
#define HAVE_ZLIB 1
#define _FILE_OFFSET_BITS 64
#define HAVE_LSEEK64 1
#define HAVE_GETMNTENT 1
#define HAVE_DECL_POSIX_FADVISE 0
#define HAVE_POSIX_FADVISE 1
#define WITH_INOTIFY 1
#define HAVE_SYS_STATVFS_H 1
#define WITH_UTP 1
#define HAVE_MINIUPNP_16 1
#define TR_LIGHTWEIGHT 1

configure: exit 0
